[02:31] [36mGargoyle <cgame>:[0m Zorbaine has joined the game.
[05:54] [34mFrom afar, you spin Dalandra around and around.[0m
[05:55] [34mFrom afar, Dalandra slaps on some powder blue and does the HUSTLE with
[05:55] [35;1mDalandra tells you:[0m happy virus day!
[05:55] [35;1mYou tell Dalandra:[0m likewise! ;-p
[05:58] [35;1mYou tell Kirwan:[0m Up for a joust?
[06:09] [35;1mKirwan tells you:[0m sure!
[06:09] [34mFrom afar, you go 'Woo Woo!' at Kirwan.[0m
[06:09] [34mFrom afar, you salute Kirwan.[0m
[06:09] [34mFrom afar, Kirwan salutes you.[0m
[06:10] [34mFrom afar, you think Kirwan is freaking BS.[0m
[06:10] [34mFrom afar, you thank Kirwan.[0m
[06:10] [34mFrom afar, Kirwan thanks you.[0m
[06:11] [35;1mYou tell Dalandra:[0m Mind ftouching some things for me, please? :)
[06:11] [33;1m(Champion 227) Kirwan:[0m g'night
[06:11] [34mFrom afar, you wave in Kirwan's direction.[0m
[06:26] [35;1mDalandra tells you:[0m :D
[06:26] [34mFrom afar, you make slicing motions across your throat towards
[06:26] [35;1mDalandra tells you:[0m still need stuff ftouched?
[06:26] [34mFrom afar, you nod rapidly at Dalandra and look excited.[0m
[06:29] [35;1mYou tell Space:[0m know who has og mask?
[06:29] [35;1mYou tell Space:[0m asking for a friend
[06:29] [35;1mSpace tells you:[0m xaryl
[06:30] [34mFrom afar, you nod to Space.[0m
[06:30] [34mFrom afar, you thank Space.[0m
[06:30] [35;1mSpace tells you:[0m others too but i dont know who others
[06:30] [35;1mSpace tells you:[0m i know assassin killed a few xenos as did trout and nightrider
[06:30] [34mFrom afar, you thank Space.[0m
[06:30] [34mFrom afar, Space sticks his thumb up at you and says 'No problemo'.[0m
[06:32] [35;1mSpace tells you:[0m which friend?
[06:32] [35;1mYou tell Space:[0m Dalandra
[06:32] [34mFrom afar, Dalandra smiles at you.[0m
[06:32] [35;1mSpace tells you:[0m oh i like her :)
[06:32] [34mFrom afar, you give Space a big cheesy grin.[0m
[06:33] [35;1mSpace tells you:[0m i'll go blick a xeno maybe he drops
[06:33] [35;1mYou tell Space:[0m cool
[06:33] [35;1mSpace tells you:[0m assassin on xeno
[06:33] [34mFrom afar, you nod to Space.[0m
[06:33] [35;1mSpace tells you:[0m merrick killed a few xneos too
[06:34] [34mFrom afar, you nod to Space.[0m
[06:34] [35;1mYou tell Space:[0m I'll let her figure it out heh
[06:35] [35;1mSpace tells you (Dalandra,Zorbaine):[0m and yet another dust
[06:35] [35;1mSpace tells you:[0m dalandra me and spy used to party a lot back when i sucked at tanking :D
[06:35] [35;1mYou tell Space:[0m heh
[06:36] [35;1mYou tell Space:[0m you still suck at tanking! just cheat with corpses! ;p
[06:36] [35;1mYou tell Space:[0m as do I, lol
[06:36] [35;1mYou tell Space:[0m need more hps after this lvl
[06:36] [34mFrom afar, Space goes "Heh heh heh" at you.[0m
[06:45] [34mFrom afar, Jasmine murders you.[0m
[07:01] [35;1mSpace tells you:[0m skald has a dupable mask
[07:04] [34mFrom afar, you go 'Woo Woo!' at Space.[0m
[07:04] [35;1mYou tell Dalandra:[0m skald has dupable mask if you haven't found yet
[07:26] [34mFrom afar, Dalandra thanks you.[0m
[07:27] [34mFrom afar, you wish Dalandra good luck.[0m
[07:32] [44m[Clan] Zorbaine :[0m Nix! Still alive!
[07:33] [44m[Clan] Nix :[0m yes
[07:33] [44m[Clan] Nix :[0m no coronavirus in this house
[10:07] [35;1mYou tell Byron:[0m yo. want to do some belochs?
[10:08] [35;1mYou tell Byron:[0m need 2
[10:08] [34mFrom afar, Byron nods to you.[0m
[10:08] [34mFrom afar, you go 'Woo Woo!' at Byron.[0m
[10:08] [35;1mByron tells you:[0m 10 mins
[10:08] [34mFrom afar, you nod to Byron.[0m
[10:08] [35;1mByron tells you:[0m ill be kicked out of event
[10:09] [35;1mYou tell Byron:[0m also when you guys login other chars.. you bought ldlogin?
[10:09] [35;1mYou tell Byron:[0m for 500 vafs?
[10:10] [35;1mByron tells you:[0m i bought it for....
[10:10] [35;1mByron tells you:[0m $25?
[10:10] [35;1mYou tell Byron:[0m permanently? sigh
[10:10] [35;1mByron tells you:[0m No
[10:10] [35;1mByron tells you:[0m 1 yr
[10:10] [34mFrom afar, you nod to Byron.[0m
[10:10] [35;1mByron tells you:[0m 2x vaf and 50% off
[10:10] [35;1mYou tell Byron:[0m wheres x2 vaf come from?
[10:11] [35;1mByron tells you:[0m it was a vaf drive. march, xmas, something
[10:11] [34mFrom afar, you nod to Byron.[0m
[10:11] [35;1mByron tells you:[0m so I got it for 12.50 i guess
[10:11] [35;1mYou tell Byron:[0m laf
[10:11] [34mFrom afar, you roll your eyeballs at Byron.[0m
[10:11] [35;1mByron tells you:[0m i did numbers/ldlogin for 1 yr
[10:11] [35;1mByron tells you:[0m oh nm. 50
[10:11] [35;1mByron tells you:[0m /25
[10:12] [35;1mByron tells you:[0m if you consider the double / half
[10:12] [34mFrom afar, you nod to Byron.[0m
[10:12] [35;1mByron tells you:[0m i tihnk bo bought it permanently ages ago when it was like 15 bucks
[10:12] [35;1mYou tell Byron:[0m byron pay back taxes or vafs.. hmmmm
[10:12] [34mFrom afar, Byron laffs at you![0m
[10:13] [35;1mYou tell Byron:[0m honestly i cant see myself paying them the $6k unless i land a fulltime job or get rich through some other venture
[10:13] [35;1mYou tell Byron:[0m so life should start getting pretty fun i guess
[10:15] [34mFrom afar, Byron laffs at you![0m
[10:22] [35;1mYou tell Byron:[0m started rewriting all my settings
[10:24] [35;1mYou tell Byron:[0m i made a module system... basically any script can be a module you register globally... just a management system. for instance made a "settings" module which any other module can
[10:24]         use to just set shit, and then some helper aliases to show all current settings easily... just basic idea... and making an "afterkill" module so that you can register "killing blow" stuff
[10:24]         easily without needing to put different unrelated killing blow stuff in the same action body... tintin supports priorities with actions, but will only ever execute the highest priority,
[10:24]         so its kind of stupid... need to manage mutliple action responses in a list
[10:25] [35;1mYou tell Byron:[0m and all well organized, after i get it all kinda working i'll start rewriting bot
[10:25] [35;1mYou tell Byron:[0m thats what i did with my morning, not sure i feel like im making progress in life, doing tripora now, lyk ;p
[10:27] [44m[Clan] Byron :[0m ok. killing beloch for zorbz if anyone wants to come
[10:28] [34mFrom afar, Byron goes '\/\/[][]  \/\/[][]!' at you.[0m
[10:28] [34mFrom afar, Byron goes '\/\/[][]  \/\/[][]!' at you.[0m
[10:28] [35;1mByron tells you:[0m I just finished building a standing desk in front of the bay window
[10:28] [35;1mYou tell Byron:[0m hah, wow
[10:28] [35;1mByron tells you:[0m we got puzzle boxes, books, board games, a few pieces of lumber
[10:29] [35;1mYou tell Byron:[0m does it have a motor on it? frank built one he can sit and stand at
[10:29] [35;1mYou tell Byron:[0m grin
[10:29] [35;1mYou tell Byron:[0m so you hanging with fam?
[10:29] [34mFrom afar, Byron shakes his head no to you.[0m
[10:29] [35;1mByron tells you:[0m i'm solo
[10:29] [34mFrom afar, you chuckle at Byron.[0m
[10:30] [35;1mYou tell Byron:[0m parents are there though?
[10:30] [35;1mByron tells you:[0m I've been in 5 airports and 4 countries in a week, if anyone has corona its me
[10:30] [35;1mYou tell Byron:[0m hah
[10:30] [35;1mByron tells you:[0m my parents are in florida
[10:30] [35;1mByron tells you:[0m I came back to WW
[10:30] [35;1mYou tell Byron:[0m oh dope
[10:30] [35;1mYou tell Byron:[0m lucky you
[10:30] [35;1mByron tells you:[0m yeah, i actually prefer this
[10:30] [35;1mByron tells you:[0m They wanted me to come to florida
[10:30] [35;1mByron tells you:[0m No way in hell I'm locked indoors w/ my parents indefinitely
[10:30] [35;1mYou tell Byron:[0m haha, yea
[10:31] [44m[Clan] Byron :[0m starting beloch zorb
[10:31] [35;1mYou tell Byron:[0m my mom offered to let me stay in her empty back apartment, if i pay a little rent... but can't stand being there, they walk through apartment 3 timex a day to let dogs out, and
[10:31]         her boyfriends shit is all over everywhere, ridiculous
[10:31] [46m[PARTY][0m New leader for the party: zorbaine.
[10:32] [46m[PARTY][0m Byron: man these priests sacks are so dope
[10:32] [46m[PARTY][0m Zorbaine: any tricks to lighten auro shield?
[10:32] [46m[PARTY][0m Byron: I'm making my HC a priest
[10:32] [46m[PARTY][0m Byron: Just so I can buy em
[10:32] [46m[PARTY][0m Zorbaine: oh yeah?
[10:32] [46m[PARTY][0m Byron: fuck yeah
[10:32] [46m[PARTY][0m Byron: they're sick
[10:32] [46m[PARTY][0m Zorbaine: you just sell stuff for coins
[10:32] [46m[PARTY][0m Zorbaine: ?
[10:32] [46m[PARTY][0m Byron: donate/sell
[10:32] [46m[PARTY][0m Byron: yeah
[10:32] [46m[PARTY][0m Zorbaine: nice
[10:32] [46m[PARTY][0m Byron: my necro needs donates
[10:32] [46m[PARTY][0m Byron: I'm building a coni bot
[10:32] [46m[PARTY][0m Byron: Got myself to 40mil
[10:32] [46m[PARTY][0m Zorbaine: i swear... knights are supposed to be "utility" and
[10:32]           helping guild, and we suck at everything, no cha... cant
[10:32]           eval eq well... etc
[10:33] [46m[PARTY][0m Zorbaine: dope
[10:33] [46m[PARTY][0m Zorbaine: im down to 16mil
[10:33] [46m[PARTY][0m Zorbaine: botting rimalkins all the time
[10:33] [46m[PARTY][0m Zorbaine: no coins
[10:33] [46m[PARTY][0m Byron: bot abyss
[10:33] [46m[PARTY][0m Byron: if you want coins
[10:33] [46m[PARTY][0m Zorbaine: eh
[10:33] [46m[PARTY][0m Byron: but yeah...you having no cha
[10:33] [46m[PARTY][0m Byron: I sell stuff for like 1500 an item
[10:33] [46m[PARTY][0m Zorbaine: want to get hm and start a new guild maybe, i dunno
[10:33] [46m[PARTY][0m Byron: That you would be 1 coin for
[10:34] [36mGargoyle <cgame>:[0m Motorbreath has joined the game.
[10:34] [46m[PARTY][0m Byron: ooo 1 glvl to go yik
[10:34] [46m[PARTY][0m Yik: hehe, been 1 glvl to go forever now!
[10:35] [46m[PARTY][0m Yik: annnd this bods terribad for hittin
[10:35] [34mFrom afar, you poke Yik with a cattle prod.[0m
[10:35] [34mFrom afar, Yik goes, 'Bok' at you.[0m
[10:36] [46m[PARTY][0m Byron: mmm that bod
[10:36] [46m[PARTY][0m Yik: hot bod
[10:37] [44m[Clan] Zorbaine :[0m man they should really let us hop guilds with gswap, just seems fair
[10:37] [44m[Clan] Zorbaine :[0m damn capitalists
[10:38] [44m[Clan] Byron :[0m i agree
[10:38] [44m[Clan] Byron :[0m it's fucking stupid
[10:38] [44m[Clan] Zorbaine :[0m maybe we start a thread about it
[10:38] [44m[Clan] Yik :[0m wow, oyu cant change it once you pick?
[10:38] [44m[Clan] Zorbaine :[0m nope
[10:38] [44m[Clan] Zorbaine :[0m leave and its gone
[10:38] [44m[Clan] Yik :[0m brutal! defly makes me want it less
[10:38] [44m[Clan] Byron :[0m you should.  it should just be another guild slot
[10:38] [44m[Clan] Byron :[0m or whatever
[10:38] [44m[Clan] Yik :[0m for real
[10:38] [44m[Clan] Zorbaine :[0m rite
[10:39] [46m[PARTY][0m Byron: immune acid
[10:39] [46m[PARTY][0m Byron: so it's been all you boiz
[10:39] [46m[PARTY][0m Byron: and my wimpy melee
[10:40] [46m[PARTY][0m Byron: reset if you want another
[10:40] [46m[PARTY][0m Zorbaine: going
[10:40] [46m[PARTY][0m Byron: ewell?
[10:43] [34mFrom afar, Ser moos at you.[0m
[10:43] [34mFrom afar, you pick off Ser's head with little pebbles.  Wooosh, Ping![0m
[10:43] [34mFrom afar, Superman goes '\\// [()] [()]  \\// [()] [()] !! !!' at you
[10:44] [34mFrom afar, Ser goes 'Woo Woo!' at you.[0m
[10:44] [34mFrom afar, Fujitsu goes '\\//\\// [()] [()]  \\//\\// [()] [()] !! !!'
[10:44] [34mFrom afar, Neworder goes 'Woo Woo!' at you.[0m
[10:44] [34mFrom afar, Alchian congratulates you.[0m
[10:44] [34mFrom afar, you thank Alchian.[0m
[10:44] [34mFrom afar, you thank Neworder.[0m
[10:44] [34mFrom afar, Cixx cheers you on!!![0m
[10:44] [34mFrom afar, you thank Ser.[0m
[10:44] [34mFrom afar, you thank Fujitsu.[0m
[10:44] [34mFrom afar, you thank Superman.[0m
[10:44] [34mFrom afar, you thank Cixx.[0m
[10:44] [46m[PARTY][0m Al: yikkity yik!  don't talk bik
[10:44] [46m[PARTY][0m Yik: siisouls are my fave
[10:44] [PARTY] Byron: That you would be 1 coin for
[10:44] [PARTY] Byron: ooo 1 glvl to go yik
[10:44] [PARTY] Yik: hehe, been 1 glvl to go forever now!
[10:44] [PARTY] Yik: annnd this bods terribad for hittin
[10:44] [PARTY] Byron: mmm that bod
[10:44] [PARTY] Yik: hot bod
[10:44] [PARTY] Byron: immune acid
[10:44] [PARTY] Byron: so it's been all you boiz
[10:44] [PARTY] Byron: and my wimpy melee
[10:44] [PARTY] Byron: reset if you want another
[10:44] [PARTY] Zorbaine: going
[10:44] [PARTY] Byron: ewell?
[10:44] [PARTY] Al: yikkity yik!  don't talk bik
[10:44] [PARTY] Yik: siisouls are my fave
[10:44] [46m[PARTY][0m Byron: your fam is a bum al
[10:44] [34mFrom afar, Ser flexes his steroid-sucking, no-necked,
[10:45] [34mFrom afar, Going a bit crazy?[0m
[10:45] [46m[PARTY][0m Al: you met my fam
[10:46] [46m[PARTY][0m Al: b/c you're absolutely right
[10:46] [46m[PARTY][0m Al: even the fucks i married into are bums
[10:46] [46m[PARTY][0m Byron: laf
[10:46] [35;1mYou tell Byron:[0m thanks mate
[10:46] [46m[PARTY][0m Al: esp my illiterate ass son
[10:46] [46m[PARTY][0m Byron: I emant your familiar :P
[10:46] [46m[PARTY][0m Al: oh
[10:46] [46m[PARTY][0m Al: yeah, he only goes so far
[10:46] [46m[PARTY][0m Al: spare skin?
[10:46] [46m[PARTY][0m Yik: laff
[10:46] [46m[PARTY][0m Byron: Master, I am too tired to keep fighting.
[10:46] [46m[PARTY][0m Byron: ya
[10:46] [46m[PARTY][0m Zorbaine: hey as long as he can code
[10:46] [46m[PARTY][0m Al: bastard can't even code
[10:47] [46m[PARTY][0m Zorbaine: someone refresh if they want
[10:47] [46m[PARTY][0m Byron: more resets or we done
[10:47] [46m[PARTY][0m Byron: done i guess
[10:47] [46m[PARTY][0m New leader for the party: zorbaine.
[10:47] [46m[PARTY][0m Al: danke
[10:47] [46m[PARTY][0m Zorbaine: thanks
[10:47] [44m[Clan] Yik :[0m thanks yall!
[11:04] [35;1mYou tell Yik:[0m you need any eq?
[11:33] [36mGargoyle <cgame>:[0m Byron has joined the game.
[11:35] [36mGargoyle <cgame>:[0m The game begins!
[11:35] [32mGargoyle whispers: [0mYou are an innocent.
[11:35] [36mGargoyle <cgame>:[0m An evil cult is hidden amongst the villagers of Screamburgh.  The village is sleeping peacefully one night as the cult emerges....  It is now night time.  Role players, please
[11:35]                   enter your actions.
[11:35] [36mGargoyle <cgame>:[0m Crolack has been booted from the game by Byron.
[11:35] [36mGargoyle <cgame>:[0m Voodoo has been booted from the game by Byron.
[11:35] [36mYik <cgame>:[0m hey, i was gonna boot hat!
[11:35] [36mByron <cgame>:[0m you snooze you dont boot
[11:36] [36mGargoyle <cgame>:[0m One more minute left for role players to enter night actions.
[11:37] [36mGargoyle <cgame>:[0m Time's up!  The sun is rising.
[11:37] [36mGargoyle <cgame>:[0m Whoknows, the seer, vanished into the night!  There are signs of a struggle.  The cult has struck again.
[11:37] [36mGargoyle <cgame>:[0m It is now daytime.  It is time to convict someone.
[11:38] [36mGargoyle <cgame>:[0m One more minute left to finish voting.  The villager with the most votes against in a minute will be convicted.  Ties will be broken randomly.
[11:38] [35;1mYik tells you:[0m oo i missed that! im pretty set on eq, ty tho :D im autoloadin with awesome stuff XD
[11:39] [36mGargoyle <cgame>:[0m Time's up!  The sun is setting.
[11:39] [36mGargoyle <cgame>:[0m Zorbaine, you have been convicted of participation in a murderous evil cult.  May the gods have mercy on your soul.
[11:39] [36mGargoyle <cgame>:[0m The village mob seizes Zorbaine and hurls him off a cliff.  As his broken body becomes still at the bottom, he is revealed to be an innocent!
[11:39] [36mGargoyle <cgame>:[0m It is now nighttime.  Role players, make your moves.
[11:39] [36mGargoyle <cgame>:[0m Motorbreath, an innocent, vanished into the night!  There are signs of a struggle.  The cult has struck again.
[11:39] [36mGargoyle <cgame>:[0m The cultists come out of hiding and murder everyone!  The cultists win the game.
[11:39] [36mGargoyle <cgame>:[0m The remaining roles were: Cultists: Yik. 
[11:39] [36mGargoyle <cgame>:[0m Yik has joined the game.
[11:39] [36mGargoyle <cgame>:[0m Whoknows has joined the game.
[11:43] [36mGargoyle <cgame>:[0m Space has joined the game.
[11:43] [35;1mYou tell Yik:[0m heh clutch on the autoloading!
[11:43] [36mGargoyle <cgame>:[0m Zorbaine has joined the game.
[11:45] [35;1mYik tells you:[0m very! i never used it on a character till now, but daymn is it nice
[11:46] [34mFrom afar, you grin at Yik.[0m
[11:47] [36mGargoyle <cgame>:[0m Byron has joined the game.
[11:48] [35;1mByron tells you (Roor,Zorbaine):[0m After we clear hotel, lets all hit NOC2
[11:51] [35;1mYou LT (Roor, Byron)
[11:51] [0m   LT: sure
[11:51] [35;1mYou LT (Roor, Byron)
[11:51] [0m   LT: just keep some distance alright?
[11:52] [44m[Clan] Zorbaine :[0m woooo submitted a job application, one of those lengthy ones where you have to submit examples+code and talk about them and all that bullshit.. I hate applying to jobs
[11:52] [44m[Clan] Zorbaine :[0m hopefully people are actually recruiting in this shyt
[11:56] [35;1mByron tells you:[0m ok
[11:56] [35;1mByron tells you:[0m cot
[11:56] [44m[Clan] Byron :[0m The Queen of Hearts has reset.
[11:56] [35;1mByron tells you (Zorbaine,Roor):[0m meet at qoh
[11:56] [35;1mByron tells you (Zorbaine,Roor):[0m then i'll summon you guys to NOC
[12:00] [37;1mZorbaine flaps :[0m fyi not sure anyone follows but the Microsoft Terminal now supports mouse interaction
[12:01] [35;1mCrankshaft tells you:[0m It still seems to handle fonts slightly worse than WSL :(
[12:01] [35;1mYou tell Crankshaft:[0m heh...
[12:02] [35;1mYou tell Crankshaft:[0m well only took them 10+ years to get here, so maybe they'll get to better UI stuff in the next few years
[12:02] [34mFrom afar, Crankshaft laughs at you![0m
[12:02] [46m[PARTY][0m Roor: need powercore to open up
[12:02] [46m[PARTY][0m Byron: nod
[12:02] [46m[PARTY][0m Zorbaine: whats that
[12:02] [46m[PARTY][0m Byron: once you get more glvls
[12:02] [46m[PARTY][0m Byron: gentech experiment, how they regen GPs
[12:02] [46m[PARTY][0m Zorbaine: nod
[12:03] [46m[PARTY][0m Byron: I have a fuckton of corpses
[12:03] [46m[PARTY][0m Byron: I think you have rec chamber
[12:03] [46m[PARTY][0m Byron: gonna try 1 thing
[12:03] [46m[PARTY][0m Zorbaine: meet you at noc?
[12:03] [46m[PARTY][0m Byron: sure. i'll have to summon roor
[12:05] [46m[PARTY][0m Zorbaine: lmk when your oyw
[12:06] [46m[PARTY][0m Byron: come to wsea if you want to help go faster
[12:06] [46m[PARTY][0m Byron: i'm kiling 2 cubes to check a riung
[12:06] [46m[PARTY][0m Zorbaine: i dont know dirs to cubes
[12:06] [46m[PARTY][0m Byron: just go to wsea entrance
[12:06] [46m[PARTY][0m Zorbaine: at tinny
[12:06] [46m[PARTY][0m Byron: ?
[12:06] [46m[PARTY][0m Byron: whered you go
[12:07] [46m[PARTY][0m Zorbaine: cant pick lock
[12:07] [46m[PARTY][0m Byron: laf
[12:07] [46m[PARTY][0m Roor: where you at?
[12:07] [46m[PARTY][0m Byron: wsea. killing a mob
[12:07] [46m[PARTY][0m Byron: then NOC
[12:07] [46m[PARTY][0m Byron: ill summon you
[12:07] [46m[PARTY][0m Byron: just hop out of giuld
[12:07] [46m[PARTY][0m Byron: hold still
[12:08] [35;1mYou tell Malachi:[0m hey, can I ask... did Breed happen to get any upgrades recently, to your knowledge?
[12:10] [44m[Clan] Roor :[0m ser 535 paragon
[12:10] [35;1mMalachi tells you:[0m certainly nothign in info new
[12:10] [35;1mMalachi tells you:[0m a downgrade to our bags is last thing we have
[12:10] [35;1mYou tell Malachi:[0m heh. alright... well thanks
[12:10] [34mFrom afar, Malachi nods to you.[0m
[12:11] [46m[PARTY][0m Byron: damn
[12:11] [46m[PARTY][0m Byron: fishing stuff but no more
[12:11] [46m[PARTY][0m Byron: ok noc time
[12:12] [46m[PARTY][0m Byron: you gotta walk here zorb
[12:12] [46m[PARTY][0m Zorbaine: oh
[12:12] [46m[PARTY][0m Byron: roor I used summon on.  I can't summon party, it's bugged
[12:13] [46m[PARTY][0m Zorbaine: commence
[12:16] [44m[Clan] Byron :[0m Str: 409    Dex: 477    Wis: 337    Int: 121    Con: 500    Cha: 266
[12:16] [44m[Clan] Byron :[0m wooooo
[12:16] [46m[PARTY][0m Zorbaine: embiggen?
[12:16] [44m[Clan] Xaryl :[0m nice
[12:16] [44m[Clan] Byron :[0m wsea stat pots + embiggen
[12:18] [37;1mFujitsu flaps :[0m that's not a roommate, that's a family of squatters
[12:18] [46m[PARTY][0m Roor: prepping ribs
[12:18] [46m[PARTY][0m Roor: my bad
[12:19] [46m[PARTY][0m Zorbaine: spread that virus
[12:21] [46m[PARTY][0m Byron: you fix that spork zor?
[12:21] [46m[PARTY][0m Zorbaine: yeah
[12:21] [46m[PARTY][0m Byron: If that thing breaks I'm coming to vienna for my reps
[12:21] [46m[PARTY][0m Zorbaine: nod
[12:21] [46m[PARTY][0m Byron: 1 euro = 1 rep
[12:21] [46m[PARTY][0m Zorbaine: i made a trigger to stop everything if it gets to badly
[12:21]           cracked, so no worries
[12:22] [46m[PARTY][0m Roor: https://www.youtube.com/watch?v=OGQm0nQcJXA
[12:22] [46m[PARTY][0m Roor: https://www.youtube.com/watch?v=OGQm0nQcJXA
[12:24] [46m[PARTY][0m Byron: laf
[12:34] [46m[PARTY][0m Byron: laf, you're 2/3 on massxp
[12:57] [46m[PARTY][0m Byron: Still making over 600m/hr with Roor
[12:57] [46m[PARTY][0m Byron: You should be eternal soon
[13:01] [46m[PARTY][0m Roor: 600m yes
[13:01] [46m[PARTY][0m Roor: 5m from 111
[13:03] [46m[PARTY][0m Byron: 5 bil or mil?
[13:03] [46m[PARTY][0m Byron: 350k til gl
[13:03] [46m[PARTY][0m Roor: B
[13:04] [46m[PARTY][0m Byron: You'll probably get glvl 15ish and eternal around the same
[13:04]        time
[13:05] [46m[PARTY][0m Roor: already halfway through this one just about
[13:10] [46m[PARTY][0m Byron: you'll fly once you hit 20ish
[13:11] [46m[PARTY][0m Byron: or whatever the max gxp you'll get from bonus
[13:11] [46m[PARTY][0m Byron: glvl 30 you get the 2nd slide
[13:12] [46m[PARTY][0m Roor: oh reclaim/recharge
[13:12] [46m[PARTY][0m Roor: i was like wtf no power
[13:15] [44m[Clan] Mud :[0m anyone for a few belochs? i could tank
[13:15] [46m[PARTY][0m Roor: split 20
[13:15] [46m[PARTY][0m Byron: dont split at all
[13:15] [46m[PARTY][0m Byron: full gxp
[13:15] [46m[PARTY][0m Roor: gsplit 0
[13:15] [46m[PARTY][0m Byron: whatever makes it so you get 0 rc
[13:15] [46m[PARTY][0m Byron: and all gxp
[13:15] [46m[PARTY][0m Roor: ok
[13:16] [44m[Clan] Yik :[0m i can help with about 1% of its hp
[13:16] [46m[PARTY][0m Byron: do nothing but glvls until you're capped out
[13:16] [44m[Clan] Mud :[0m but its an awesome 1%
[13:17] [44m[Clan] Zorbaine :[0m you are the 1%!
[13:17] [34mFrom afar, Yik laffs at you![0m
[13:17] [44m[Clan] Xaryl :[0m we can help
[13:19] [44m[Clan] Zorbaine :[0m if you want to hmsummon me or (summon me i'll dmg
[13:19] [34mFrom afar, you think Inquisitor is freaking BS.[0m
[13:19] [33m[Auction] Al (mage) :[0m we _REALLY_ need to talk about the cods you've been touching, homey
[13:20] [44m[Clan] Mud :[0m i dont have that, soirry
[13:20] [33m[Auction] Inquisitor (bard) :[0m I've been observer on so many urinalysis that I stopped caring long ago.
[13:21] [33m[Auction] Vagrant (necr) :[0m touch touch touch
[13:21] [34mFrom afar, Yik throws his lasso around you.  Moo?[0m
[13:21] [44m[Clan] Zorbaine :[0m in NoC with B-dawg atm, sorry
[13:21] [33m[Auction] Al (mage) :[0m vag loves a good prostate exam
[13:21] [33m[Auction] Al (mage) :[0m and he likes the bad ones more
[13:21] [33m[Auction] Voodoo (jugg) :[0m would you like to touch my monkey?
[13:21] [44m[Clan] Zorbaine :[0m he doesn't like being tickled I guess
[13:21] [44m[Clan] Byron :[0m I could bounce to there
[13:22] [44m[Clan] Byron :[0m Can leave Roor here and grab him when we done
[13:22] [44m[Clan] Mud :[0m how'd yik die there?  bounce out/back in?
[13:22] [44m[Clan] Yik :[0m haha yea
[13:22] [44m[Clan] Byron :[0m Or are you OK on dmg?
[13:22] [44m[Clan] Mud :[0m new arch too
[13:23] [44m[Clan] Mud :[0m or, maybe it hasnt changed
[13:23] [44m[Clan] Mud :[0m up to you guys re: dmg.
[13:23] [44m[Clan] Yik :[0m hehe yea, beloch either way XD
[13:23] [36mGargoyle <cgame>:[0m Crolack has joined the game.
[13:23] [44m[Clan] Yik :[0m if i come back will he still be mad at my dog or brood?
[13:24] [36mCrolack <cgame>:[0m Omigosh we're all gonna idle!
[13:24] [36mGargoyle <cgame>:[0m Voodoo has joined the game.
[13:24] [36mGargoyle <cgame>:[0m The game begins!
[13:24] [32mGargoyle whispers: [0mYou are a cultist.
[13:24] [36mGargoyle <cgame>:[0m An evil cult is hidden amongst the villagers of Dark Grove.  The village is sleeping peacefully one night as the cult emerges....  It is now night time.  Role players, please
[13:24]                   enter your actions.
[13:24] [44m[Clan] Mud :[0m i think so?  can say when it dies
[13:24] [36mVoodoo <cgame>:[0m die FOO!
[13:24] [32mGargoyle whispers: [0mYou target Whoknows for murder and sacrifice to
[13:24]                     your dark gods.
[13:24] [36mVoodoo <cgame>:[0m just quit now! no one will protect you!
[13:25] [36mCrolack <cgame>:[0m I can protect myself
[13:25] [36mYik <cgame>:[0m i sexually identify as a train now and if you tell me otherwise ill go off the rails
[13:25] [36mGargoyle <cgame>:[0m One more minute left for role players to enter night actions.
[13:26] [36mGargoyle <cgame>:[0m Time's up!  The sun is rising.
[13:26] [36mGargoyle <cgame>:[0m Whoknows, the vigilante, has been murdered by the cult!
[13:26] [36mGargoyle <cgame>:[0m It is now daytime.  It is time to convict someone.
[13:26] [36mYik <cgame>:[0m aww
[13:26] [36mYik <cgame>:[0m the best green
[13:26] [46m[PARTY][0m Roor: how do i check clones progress?
[13:27] [36mGargoyle <cgame>:[0m One more minute left to finish voting.  The villager with the most votes against in a minute will be convicted.  Ties will be broken randomly.
[13:27] [36mGargoyle <cgame>:[0m Crolack votes to convict Voodoo.
[13:27] [46m[PARTY][0m Byron: =gs
[13:27] [36mGargoyle <cgame>:[0m Voodoo votes to convict Crolack.
[13:27] [36mVoodoo <cgame>:[0m feeling lucky punk?
[13:27] [46m[PARTY][0m Roor: level 2 already
[13:27] [36mYik <cgame>:[0m yea
[13:27] [46m[PARTY][0m Byron: I think mine is...30 something
[13:28] [36mGargoyle <cgame>:[0m Time's up!  The sun is setting.
[13:28] [36mGargoyle <cgame>:[0m Crolack, you have been convicted of participation in a murderous evil cult.  May the gods have mercy on your soul.
[13:28] [36mGargoyle <cgame>:[0m The angry village ties Crolack to a stake and lights a fire beneath.  As his agonized death screams echo through the village, he is revealed to be an innocent!
[13:28] [36mGargoyle <cgame>:[0m It is now nighttime.  Role players, make your moves.
[13:28] [36mCrolack <cgame>:[0m no
[13:28] [44m[Clan] Yik :[0m oo or i can tell by reps
[13:28] [44m[Clan] Aka :[0m i can refresh room if you wanna kill another
[13:28] [44m[Clan] Mud :[0m should be safe to reenter
[13:29] [36mGargoyle <cgame>:[0m One more minute left for role players to enter night actions.
[13:29] [32mGargoyle whispers: [0mYou target Yik for murder and sacrifice to your
[13:29]                     dark gods.
[13:30] [36mGargoyle <cgame>:[0m Time's up!  The sun is rising.
[13:30] [36mGargoyle <cgame>:[0m Yik, an innocent, is found dead, horribly bloated from a deadly cultist poison!
[13:30] [36mGargoyle <cgame>:[0m It is now daytime.  It is time to convict someone.
[13:31] [36mGargoyle <cgame>:[0m One more minute left to finish voting.  The villager with the most votes against in a minute will be convicted.  Ties will be broken randomly.
[13:32] [36mGargoyle <cgame>:[0m Time's up!  The sun is setting.
[13:32] [36mGargoyle <cgame>:[0m Zorbaine, you have been convicted of participation in a murderous evil cult.  May the gods have mercy on your soul.
[13:32] [36mGargoyle <cgame>:[0m The village mob seizes Zorbaine and hurls him off a cliff.  As his broken body becomes still at the bottom, he is revealed to be a cultist!
[13:32] [36mGargoyle <cgame>:[0m All the cultists are dead.  The village wins!
[13:32] [36mGargoyle <cgame>:[0m The remaining roles were: Angel: Space. 
[13:32] [36mGargoyle <cgame>:[0m Crolack has joined the game.
[13:32] [36mGargoyle <cgame>:[0m Space has joined the game.
[13:32] [36mGargoyle <cgame>:[0m Yik has joined the game.
[13:32] [36mZorbaine <cgame>:[0m nice
[13:32] [36mGargoyle <cgame>:[0m Zorbaine has joined the game.
[13:32] [36mGargoyle <cgame>:[0m Motorbreath has joined the game.
[13:36] [46m[PARTY][0m Roor: ya know
[13:36] [46m[PARTY][0m Roor: i'm just going to say it
[13:36] [46m[PARTY][0m Roor: FUCK CHINESE PEOPLE
[13:36] [46m[PARTY][0m Roor: and FUCK CHY NA
[13:36] [46m[PARTY][0m Zorbaine: aww
[13:37] [46m[PARTY][0m Roor: they fucked us
[13:37] [46m[PARTY][0m Zorbaine: honestly its dynamics... they have contributed A LOT of
[13:37]           bad, but also a lot of good, arguably
[13:37] [46m[PARTY][0m Roor: hid this shit for too long and now we're fucked
[13:37] [46m[PARTY][0m Roor: i know it's not the people
[13:37] [46m[PARTY][0m Roor: it's their government, but wtf man
[13:37] [46m[PARTY][0m Roor: this shit's going to alter lives for months
[13:37] [46m[PARTY][0m Roor: i keep hearing locals talking about memorial day and the
[13:37]       summer season... i doubt we're goign to have a summer
[13:37]       season
[13:37] [46m[PARTY][0m Roor: highly doubt it
[13:38] [46m[PARTY][0m Zorbaine: well true, but honestly... perhaps it is a karmic
[13:38]           necessity... I mean I dont think you can argue it any
[13:38]           other way... eating animals... global warming... its all
[13:38]           balancing itself
[13:38] [46m[PARTY][0m Roor: bats, rats and cats
[13:38] [44m[Clan] Zorbaine :[0m as humanity evolves, we have to keep these things in check, and we're not
[13:38] [44m[Clan] Zorbaine :[0m wl
[13:38] [46m[PARTY][0m Zorbaine: as humanity evolves, we have to keep these things in
[13:38]           check, and we're not
[13:38] [46m[PARTY][0m Roor: just wait til CWD makes the jump from the deer population
[13:38] [46m[PARTY][0m Roor: fucking zombie humans here we come
[13:41] [46m[PARTY][0m Zorbaine: dude I almost subscribed to this subreddit,
[13:41]           watchumansurvive or something showing humans being dumb...
[13:41]           all about corona shit... people going nuts at each other
[13:42] [46m[PARTY][0m Zorbaine: and very interesting from my arguably spiritual and
[13:42]           vibrational perspective of how humans deal with this,
[13:42]           among most things of this nature, and it's a fucking joke
[13:42]           how little people understand about how vibration and
[13:42]           energy works in these contexts
[13:42] [46m[PARTY][0m Zorbaine: so i dont know... sad... to see things be so mishandled i
[13:42]           guess, from my perspective
[13:46] [46m[PARTY][0m Byron: Just gotta get the feng back on shui
[13:50] [44m[Clan] Byron :[0m there are 3 dudes in the bay outside my house raking for fucking clams
[13:50] [44m[Clan] Byron :[0m by hand
[13:50] [44m[Clan] Byron :[0m without wetsuits
[13:50] [44m[Clan] Xaryl :[0m ugh
[13:50] [44m[Clan] Byron :[0m in the freezing fucking water
[13:50] [44m[Clan] Zorbaine :[0m wtf
[13:50] [44m[Clan] Byron :[0m yeah
[13:50] [44m[Clan] Byron :[0m fucking weirdos
[13:51] [44m[Clan] Zorbaine :[0m they white?
[13:51] [44m[Clan] Zorbaine :[0m whities?
[13:51] [44m[Clan] Byron :[0m yep
[13:51] [44m[Clan] Byron :[0m they look like some of nix's hunting buddies
[13:53] [44m[Clan] Zorbaine :[0m just tell them not to jump off the yacht club eh...
[13:53] [44m[Clan] Zorbaine :[0m recalling this time one of our friends jumped off yacht club roof into the bay... he landed on a metal spike in the water, stabbed him in the ass (not asshole, sheesh)
[13:54] [44m[Clan] Mud :[0m call him vlad the impaler
[13:54] [44m[Clan] Xaryl :[0m I bet he was white....
[13:54] [44m[Clan] Zorbaine :[0m he was a whitie yeah
[13:54] [44m[Clan] Roor :[0m its probably archy and them
[13:56] [44m[Clan] Byron :[0m btw...x and archy.... we have a friend named archy :P
[13:56] [44m[Clan] Xaryl :[0m too funny
[13:56] [44m[Clan] Zorbaine :[0m we do?
[13:56] [44m[Clan] Byron :[0m Who is borderline psycopath
[13:57] [44m[Clan] Byron :[0m ya, archibald
[13:57] [44m[Clan] Zorbaine :[0m ahhh
[13:57] [44m[Clan] Byron :[0m bo hunts w/ danny
[13:57] [44m[Clan] Byron :[0m probably tommy too once in awhile
[13:59] [44m[Clan] Zorbaine :[0m murderers
[13:59] [44m[Clan] Byron :[0m i want you to remember this moment 6 months from now
[14:00] [44m[Clan] Zorbaine :[0m haha
[14:00] [44m[Clan] Zorbaine :[0m dude, im a pragmatist.. not against meat eating... it is practical in the context of no other options
[14:00] [44m[Clan] Byron :[0m when you're sinking your teeth into the thigh bone of a poor migrant you found on the shores of former europe
[14:00] [44m[Clan] Aka :[0m ^ good lord
[14:00] [44m[Clan] Aka :[0m haha
[14:01] [44m[Clan] Byron :[0m :P
[14:07] [46m[PARTY][0m Zorbaine: brb in 15
[14:09] [46m[PARTY][0m Byron: if i dont hear from you, i'll personally smite you
[14:09] [46m[PARTY][0m Byron: to a furtive after i lose you
[14:10] [46m[PARTY][0m Byron: fuck my golem is gone
[14:10] [46m[PARTY][0m Byron: brb.  will restart stepper after going to build one
[14:11] [44m[Clan] Xaryl :[0m wtf! I did not know mental==mugen!
[14:11] [44m[Clan] Xaryl :[0m I would not have let him join if I knew!!!!
[14:11] [44m[Clan] Byron :[0m huh
[14:11] [44m[Clan] Xaryl :[0m in this beloch run
[14:11] [44m[Clan] Byron :[0m ah
[14:12] [37;1mMotorbreath flaps :[0m order up, meow chow pow is on the grill
[14:14] [44m[Clan] Xaryl :[0m this getting too much for me!
[14:29] [44m[Clan] Mud :[0m spanks for group
[14:51] [46m[PARTY][0m Zorbaine: welp
[14:51] [46m[PARTY][0m Zorbaine: back
[14:51] [46m[PARTY][0m Zorbaine: alive
[14:52] [46m[PARTY][0m Zorbaine: market was closed across street so had to walk a while
[14:53] [46m[PARTY][0m Byron: motherfucker
[14:53] [46m[PARTY][0m Byron: i missed my chance
[14:53] [46m[PARTY][0m Byron: next time gadget
[14:54] [46m[PARTY][0m Zorbaine: grin
[15:09] [46m[PARTY][0m Roor: wooo gl!
[15:09] [46m[PARTY][0m Byron: woo
[15:09] [46m[PARTY][0m Zorbaine: roooor
[15:09] [46m[PARTY][0m Byron: I wasn't positive this stepper was doing furtive's well
[15:09] [46m[PARTY][0m Byron: But I think I have everything finally sorted out
[15:11] [46m[PARTY][0m Roor: we'll see
[15:14] [46m[PARTY][0m Byron: Once you have enough for 15, you should glvl
[15:14] [46m[PARTY][0m Byron: You won't make more gxp/min until then
[15:15] [46m[PARTY][0m Byron: 5/10/15/20/...
[15:15] [46m[PARTY][0m Roor: not making anything atm
[15:15] [46m[PARTY][0m Byron: Is a bump in your max gxp rate
[15:15] [46m[PARTY][0m Byron: huh
[15:15] [46m[PARTY][0m Roor: not making gxp
[15:15] [46m[PARTY][0m Roor: oh i have gsplit
[15:15] [46m[PARTY][0m Roor: laf
[15:15] [46m[PARTY][0m Roor: it was for powercore
[15:16] [46m[PARTY][0m Byron: powercore probably wont open again for a bit
[15:17] [46m[PARTY][0m Byron: don't bother w/ anything but glvls
[15:17] [46m[PARTY][0m Byron: you can phase stuff up really fast later
[15:17] [46m[PARTY][0m Roor: nod, im just using synthorg all i need
[15:17] [46m[PARTY][0m Byron: exactly
[15:17] [46m[PARTY][0m Byron: once you're 15 of so, maybe powercore will open again and
[15:17]        you can get to positive PU usage
[15:18] [46m[PARTY][0m Byron: you could probably setup a reflex to use corpses
[15:18] [46m[PARTY][0m Zorbaine: roor why you trIning gentech?
[15:18] [46m[PARTY][0m Zorbaine: taining*
[15:19] [46m[PARTY][0m Roor: timeslides and another refresh
[15:19] [46m[PARTY][0m Byron: painting*
[15:19] [46m[PARTY][0m Roor: my bards topped out
[15:19] [46m[PARTY][0m Byron: gentech are a really cool theme imo
[15:19] [46m[PARTY][0m Byron: And I love how the skill system is w/ experiments.
[15:19] [46m[PARTY][0m Byron: And once he gets glvl 30, which is cake
[15:20] [46m[PARTY][0m Byron: He'll have another dupe and 5 resets
[15:20] [46m[PARTY][0m Zorbaine: what do timeslides do again? arent they refreshes
[15:20]           basically?
[15:21] [46m[PARTY][0m Byron: exactly
[15:21] [46m[PARTY][0m Byron: resets the room
[15:21] [46m[PARTY][0m Byron: some rooms you can't slide
[15:21] [46m[PARTY][0m Byron: so refreshes > timeslide
[15:21] [46m[PARTY][0m Zorbaine: nog
[15:21] [46m[PARTY][0m Byron: but in general, you can slide most rooms you want
[15:21] [46m[PARTY][0m Zorbaine: bo you bought ldlogin?
[15:21] [46m[PARTY][0m Roor: yeah
[15:22] [46m[PARTY][0m Zorbaine: can you buy it for me too?
[15:22] [46m[PARTY][0m Zorbaine: please
[15:35] [37;1mDy flaps :[0m When I think about priests I ftouch myself!
[15:36] [37;1mMud flaps :[0m oh no
[15:36] [37;1mMud flaps :[0m oh no
[15:36] [37;1mDy flaps :[0m Oh yes, oh yes! xD
[15:36] [37;1mMud flaps :[0m ruined it!
[15:37] [37;1mMud flaps :[0m was 1 more oh no
[15:38] [37;1mDy flaps :[0m New odor?
[15:38] [44m[Clan] Mud :[0m who is neworder.  keep hearing folks whine 'hes back'
[15:39] [44m[Clan] Mud :[0m though, that may just be all kitt's whining
[15:41] [37;1mMotorbreath flaps :[0m I'm stocking up on TP so I can build a tp castle.
[15:41] [37;1mDy flaps :[0m Lego company is now hiring.
[15:41] [37;1mDy flaps :[0m Why, you can just raid other people's TP stashes. xD
[15:41] [44m[Clan] Roor :[0m i hope its grinch
[15:42] [44m[Clan] Mud :[0m is Murder, Razic?
[15:42] [44m[Clan] Mud :[0m dbag jumps on every week or two, shouts some trollish shit, then logs out
[15:42] [44m[Clan] Mud :[0m thought eggplant/etc, was grinch?
[15:42] [37;1mMotorbreath flaps :[0m it won't snow anymore
[15:43] [44m[Clan] Mud :[0m may have it wrong
[15:43] [37;1mMotorbreath flaps :[0m well not enough to build a castle, so i'll make do
[15:43] [37;1mDy flaps :[0m People still aren't social distancing here.
[15:43] [44m[Clan] Zorbaine :[0m did anyone try asking him?
[15:44] [44m[Clan] Mud :[0m you and your logic
[15:44] [44m[Clan] Zorbaine :[0m 💪
[15:44] [37;1mDy flaps :[0m I was hoping to ride around in peace.
[15:44] [44m[Clan] Mud :[0m /poop emoji cause im not on phone
[15:44] [44m[Clan] Byron :[0m eggplant can't be grinch
[15:44] [44m[Clan] Byron :[0m i'm 99% sure grinch isn't on this mud
[15:44] [44m[Clan] Mud :[0m good
[15:45] [44m[Clan] Mud :[0m guessing razic then
[15:45] [44m[Clan] Byron :[0m He can't resist telling people it's him
[15:45] [44m[Clan] Byron :[0m particularly bards he pk'd with, like me
[15:45] [44m[Clan] Byron :[0m heh
[15:45] [44m[Clan] Zorbaine :[0m we can all try sending him tells demanding he tell us at once
[15:45] [44m[Clan] Byron :[0m and no way he wouldn't be in bards given how strong we are
[15:45] [44m[Clan] Mud :[0m razic was in SUNMOONSECT, so is murder
[15:46] [44m[Clan] Mud :[0m oh, neworder = sleuth.  that helps
[15:47] [37;1mDy flaps :[0m Coughed around people making them look at me funny though. xD
[15:47] [44m[Clan] Mud :[0m hm/qp wise
[15:47] [37;1mMurdoc flaps :[0m i did that in walmart the other night.. people went scattering lol
[15:47] [37;1mDy flaps :[0m Oooh lung failure, this one is scary.
[15:48] [33;1m(Defender 134) Motorbreath:[0m joust anyone?
[15:49] [37;1mDy flaps :[0m New O'leans Marti Gras suspected to have caused a mass contraction of CoViD-19.
[15:49] [37;1mMotorbreath flaps :[0m wouldnt have been the gou sho bat?
[15:57] [46m[PARTY][0m Zorbaine: woo dex
[15:57] [46m[PARTY][0m Zorbaine: 14 more
[15:57] [33m[Auction] Robert :[0m Up for bids: The Aurothon Shield.
[15:57] [33m[Auction] Hyuga (jedi) :[0m 5%
[15:58] [33m[Auction] Robert :[0m Sold to Sith for 100,000 coins!
[16:00] [46m[PARTY][0m Byron: roor almost passing zorb
[16:01] [46m[PARTY][0m Zorbaine: no weigh
[16:01] [44m[Clan] Byron :[0m roor putting a hurtin on you mud
[16:01] [33m[Auction] Robert :[0m Up for bids: Superior Chaostone helmet.
[16:01] [33m[Auction] Anzyn (cybo) :[0m does it split corpses?
[16:01] [44m[Clan] Byron :[0m #4 massxp
[16:01] [33m[Auction] Anzyn (cybo) :[0m heh
[16:02] [44m[Clan] Mud :[0m nice, glvl 12 is the best
[16:02] [44m[Clan] Mud :[0m must be the PK
[16:03] [33m[Auction] Robert :[0m Sold to Disruptor for 15,000 coins!
[16:05] [37;1mMud flaps :[0m reeehoosettingg zombronies immaavagrant
[16:06] [44m[Clan] Mud :[0m zombie reset in couple min
[16:08] [44m[Clan] Ser :[0m i have 7m left until it naturally resets xP
[16:09] [44m[Clan] Byron :[0m <2 hrs til glvl
[16:09] [44m[Clan] Byron :[0m woooooooo
[16:09] [44m[Clan] Ser :[0m noice
[16:09] [44m[Clan] Byron :[0m I can finally spend my gxp
[16:09] [44m[Clan] Ser :[0m 94.2m g2n for me
[16:10] [44m[Clan] Byron :[0m I haven't spent gxp in fucking years
[16:10] [44m[Clan] Ser :[0m so only 23 days left
[16:10] [44m[Clan] Mud :[0m just under 14days here.   pre-congrats on teh couple dodge points byron
[16:10] [44m[Clan] Ser :[0m only (lol)
[16:10] [44m[Clan] Byron :[0m For 96?
[16:10] [44m[Clan] Byron :[0m gracias
[16:10] [44m[Clan] Ser :[0m yah
[16:10] [44m[Clan] Byron :[0m Our glvl costs are probably pretty similar
[16:10] [44m[Clan] Byron :[0m Time wise
[16:11] [44m[Clan] Mud :[0m vs ser?
[16:11] [44m[Clan] Byron :[0m Ya
[16:11] [44m[Clan] Ser :[0m  95    682,298,400  96    834,185,500    97  1,019,830,900     98  1,246,736,600     99  1,524,071,600    100  2,000,000,000
[16:11] [44m[Clan] Byron :[0m Like how long it took Nix to get glvl 100
[16:11] [44m[Clan] Mud :[0m ser's got like 2x he combat time
[16:11] [44m[Clan] Byron :[0m It's probably the same for psicorp
[16:11] [44m[Clan] Byron :[0m He's got 50 days on me
[16:11] [44m[Clan] Byron :[0m And we're both around 95/96
[16:12] [44m[Clan] Mud :[0m the age cmd is pretty rough, but least a guesstimate
[16:12] [44m[Clan] Byron :[0m Nod
[16:12] [44m[Clan] Byron :[0m Mine I think is low tbh
[16:12] [44m[Clan] Byron :[0m Combat time
[16:12] [44m[Clan] Byron :[0m Not by a ton
[16:12] [44m[Clan] Mud :[0m right, i joined about 2 years ago, so im guessing mine is somewhat accurate for bards.  160days
[16:13] [44m[Clan] Byron :[0m Ascendant is a pretty accurate one probably
[16:13] [44m[Clan] Zorbaine :[0m 229 days combat age here
[16:13] [44m[Clan] Mud :[0m aye, i was around there for combat age
[16:13] [44m[Clan] Byron :[0m He was on easy mode the whole time though.
[16:13] [44m[Clan] Ser :[0m let's do some quick math, assuming 23 days to next glevel.  2bil - 834mil = 1.166 bil * 1.33 to include trained skill reqs
[16:13] [44m[Clan] Mud :[0m vs ascendtant
[16:13] [44m[Clan] Byron :[0m So were you :P
[16:13] [44m[Clan] Byron :[0m Nix and I had a whoolleee different experience getting into the 80's :P
[16:13] [44m[Clan] Ser :[0m 1.55bil / 4.1mil gxp/day
[16:13] [44m[Clan] Mud :[0m math makes you disappoint... easier to not look
[16:13] [44m[Clan] Ser :[0m 378 days + 23 combat days
[16:14] [44m[Clan] Ser :[0m so i'll see 100 in like 2-3 years (maybe) if i don't get wiped for botting
[16:14] [44m[Clan] Byron :[0m combat time?
[16:14] [44m[Clan] Ser :[0m uhh, 401 combat days
[16:14] [44m[Clan] Ser :[0m yes
[16:14] [44m[Clan] Byron :[0m For 100?
[16:14] [44m[Clan] Ser :[0m yes
[16:14] [44m[Clan] Byron :[0m really? I thought a lot more
[16:15] [44m[Clan] Byron :[0m 401 total combat days in psicorp = glvl 100?
[16:15] [44m[Clan] Ser :[0m no, from where i am
[16:15] [44m[Clan] Byron :[0m Oh, 401 additional days
[16:15] [44m[Clan] Ser :[0m yes
[16:15] [44m[Clan] Mud :[0m oof
[16:15] [44m[Clan] Byron :[0m oof
[16:15] [44m[Clan] Mud :[0m that would be 'a lot more'
[16:15] [44m[Clan] Ser :[0m yah you still think we're gonna hit 100 at the same rate?
[16:15] [44m[Clan] Byron :[0m No, you'll definitely beat me
[16:16] [44m[Clan] Ser :[0m lol
[16:16] [44m[Clan] Byron :[0m :P
[16:16] [44m[Clan] Byron :[0m Hmm...We should drum up interest in buying a boon
[16:16] [44m[Clan] Byron :[0m It's a quaranteen boot
[16:16] [44m[Clan] Byron :[0m From Ogz
[16:16] [44m[Clan] Ser :[0m i spent all my money on that speedo
[16:16] [44m[Clan] Byron :[0m Carrying?
[16:16] [44m[Clan] Byron :[0m Oooo
[16:17] [44m[Clan] Byron :[0m Welcome to the swim club
[16:17] [44m[Clan] Ser :[0m thanks
[16:18] [44m[Clan] Ser :[0m my only hope is that somewhere along the way the gxp rate doubles or triples
[16:18] [44m[Clan] Ser :[0m but i'm guessing it's not going to
[16:18] [44m[Clan] Byron :[0m Is that feasible?
[16:18] [44m[Clan] Byron :[0m Gentech uncap at a certain point
[16:18] [44m[Clan] Ser :[0m i'm guessing it might at 100
[16:18] [44m[Clan] Byron :[0m That's why getting glvls up is such a better use of gxp pre-50
[16:18] [44m[Clan] Ser :[0m but...
[16:18] [44m[Clan] Ser :[0m that's alooooooooooooong way away
[16:19] [44m[Clan] Byron :[0m You can crank your rate and then just phase up once you finally cap out
[16:19] [44m[Clan] Byron :[0m I mean, psicorp are a cool guild so if you gotta dump time somewhere, why not
[16:20] [44m[Clan] Byron :[0m Ser, does that blinding power of yours also focus hit-around mobs on you?
[16:20] [44m[Clan] Ser :[0m considering i will need ~667mil total spent on skills to get to 100, and i only have..
[16:20] [44m[Clan] Ser :[0m 323.6mil spent right now
[16:20] [44m[Clan] Byron :[0m I noticed when we would fight Beloch - and I challenge/attack the whole room.  I could never defend the mobs off you (and subsequently righteous fury them).
[16:20] [44m[Clan] Ser :[0m i'll probably max psiwield skills in that timeframe
[16:21] [44m[Clan] Ser :[0m so i'll at least be almost maxed damage
[16:21] [44m[Clan] Byron :[0m So if you were to use it against a mob like firebat, you would tank for the entire room.
[16:21] [44m[Clan] Ser :[0m i don't think it works that way, because i use it on firebat
[16:21] [44m[Clan] Byron :[0m Nod
[16:22] [44m[Clan] Ser :[0m and i say almost maxed because it's like fucking elementals or bards where certain skills raise cap of other skills
[16:22] [44m[Clan] Byron :[0m Nog
[16:22] [44m[Clan] Ser :[0m and i'm just shooting for 100 because max gxp blah blah
[16:23] [44m[Clan] Ser :[0m so let's hope 3k is still around in 3 years and we'll see how i do as a glevel 100 psicorps
[16:23] [44m[Clan] Byron :[0m Laf
[16:23] [44m[Clan] Zorbaine :[0m and let's hope we're still arond
[16:23] [44m[Clan] Zorbaine :[0m around
[16:23] [44m[Clan] Byron :[0m I have a feeling 3k will always live.  It's so minimal to host
[16:23] [44m[Clan] Mud :[0m the long game
[16:23] [44m[Clan] Zorbaine :[0m yeah... nice casual thing
[16:24] [44m[Clan] Zorbaine :[0m plus I still need to get my wizhood back
[16:24] [44m[Clan] Zorbaine :[0m and save us all
[16:24] [44m[Clan] Ser :[0m rastafan has been on 2-3 times since i mailed him
[16:24] [44m[Clan] Ser :[0m and still hasn't restored/whatever karvec
[16:24] [44m[Clan] Ser :[0m mofu
[16:24] [44m[Clan] Byron :[0m interesting
[16:24] [44m[Clan] Mud :[0m remind me to thank him
[16:24] [44m[Clan] Zorbaine :[0m yeah I was asking him something, seems removed from duties for now
[16:24] [44m[Clan] Byron :[0m We really gonna be rolling bards soon
[16:24] [44m[Clan] Byron :[0m Has he confirmed that you got the $?
[16:24] [44m[Clan] Byron :[0m Adalius can restore a file
[16:25] [44m[Clan] Byron :[0m Why not talk to him and say hey it's been 4 months.  I know he's got shit going on
[16:25] [44m[Clan] Ser :[0m well i mailed him asking for the xmas drive dupe (ser -> karvec) + partial restore of karvec's gobj/qp to new file
[16:25] [46m[PARTY][0m Zorbaine: ah can't enter that spot, will wait here
[16:25] [46m[PARTY][0m Byron: oh
[16:25] [44m[Clan] Roor :[0m ser my monk is getting beastly
[16:25] [46m[PARTY][0m Byron: align
[16:25] [44m[Clan] Ser :[0m and i cc'ed adalius/turnhold/etc
[16:25] [46m[PARTY][0m Byron: I'll have to see which one of you is firing my playercheck
[16:26] [46m[PARTY][0m Byron: we just walked the whole area once
[16:26] [46m[PARTY][0m Byron: So, 4 hours to clear?
[16:26] [46m[PARTY][0m Byron: Fucking amazing
[16:26] [44m[Clan] Ser :[0m @roor nod i'm loving mine
[16:26] [46m[PARTY][0m Roor: sweet
[16:27] [46m[PARTY][0m Zorbaine: is there a reset area skill?
[16:27] [46m[PARTY][0m Zorbaine: or just dungeons?
[16:27] [44m[Clan] Roor :[0m what set you using?
[16:27] [46m[PARTY][0m Byron: Yeah, unload area
[16:27] [44m[Clan] Roor :[0m i have patterns of justice on
[16:27] [44m[Clan] Ser :[0m no set yet lol
[16:28] [44m[Clan] Ser :[0m the only decent legendary power i've found that i'm using is the 800% bonus from tempest wind when you cc an enemy
[16:28] [46m[PARTY][0m Zorbaine: so level 4 refresh area?
[16:28] [46m[PARTY][0m Byron: yeah
[16:28] [46m[PARTY][0m Zorbaine: nice
[16:28] [46m[PARTY][0m Zorbaine: why don't you have it?
[16:28] [46m[PARTY][0m Byron: Hmmm
[16:28] [46m[PARTY][0m Byron: I think refresh area works fine
[16:28] [44m[Clan] Ser :[0m i've been playing w/ my roommate so we just cleared the entire campaign (his first time playing) and then just ran 1st rift/greater rift like 30 mins ago, got him the cube, did all
[16:28]              the adventure mode shit
[16:28] [44m[Clan] Ser :[0m so it's been slow going
[16:28] [46m[PARTY][0m Byron: But unload lets you get rid of all the resilients
[16:29] [46m[PARTY][0m Byron: Which is why you really want to refresh the area.
[16:29] [46m[PARTY][0m Byron: There's ALWAYS mobs to kill, some of them you'd just
[16:29]        rather not fight.
[16:29] [44m[Clan] Ser :[0m originally he was just equipping gear that had better armor on it regardless of +properties/%ages, and he was sucking ass for awhile
[16:29] [44m[Clan] Ser :[0m so he would put a white on over a yellow if the white had more armor xD
[16:29] [44m[Clan] Ser :[0m oh shit he's back i better quit talking shit
[16:30] [44m[Clan] Roor :[0m ack
[16:30] [46m[PARTY][0m Byron: nfi why you would trip my playercheck
[16:31] [46m[PARTY][0m Byron: I think it's your title length zorb
[16:31] [46m[PARTY][0m Byron: wrapping around
[16:31] [46m[PARTY][0m Zorbaine: hmm
[16:31] [46m[PARTY][0m Zorbaine: let's get me hm then
[16:31] [46m[PARTY][0m Byron: Cause if have .$ ending the pattern
[16:31] [46m[PARTY][0m Byron: hmmm fuck
[16:32] [46m[PARTY][0m Byron: I gotta lose roor before going into bulwarks again
[16:32] [46m[PARTY][0m Byron: I left to grab zorb
[16:34] [44m[Clan] Ser :[0m lol
[16:35] [46m[PARTY][0m Byron: Yeah, it's you zorb.  you're tripping my playercheck cause
[16:35]        of your title length...I'll just update the var and don't
[16:35]        glvl ever again.
[16:35] [46m[PARTY][0m Zorbaine: noooo
[16:35] [46m[PARTY][0m Zorbaine: i'll get hm real soon, after this party will be on it
[16:36] [46m[PARTY][0m Zorbaine: was my goal after lvl
[16:36] [46m[PARTY][0m Byron: I think you're good to enter Bo
[16:36] [46m[PARTY][0m Byron: But if you want to sit this one out
[16:36] [46m[PARTY][0m Byron: Maybe better
[16:36] [46m[PARTY][0m Byron: Since I don't have a summon
[16:37] [37;1mDy flaps :[0m *Sets up a stand saying: Free CoViD-19 hugs.
[16:38] [46m[PARTY][0m Byron: ok, safe to come back and follow
[16:38] [37;1mDisruptor flaps :[0m in 9 months, there will be a new round of baby boomers, called the quarantinis
[16:38] [46m[PARTY][0m Byron: Evil side of the map is fucking great xp
[16:38] [37;1mBahram flaps :[0m and in thirteen years they'll be quaranteens
[16:39] [37;1mDy flaps :[0m Before teenage years they will be quarantweenies.
[16:39] [46m[PARTY][0m Byron: We're doing 700 mil atm
[16:40] [37;1mDy flaps :[0m When they are switching to solid food they will be quaranweenies.
[16:41] [46m[PARTY][0m Roor: damn
[16:41] [46m[PARTY][0m Roor: im like 2.7B from lvl 111
[16:41] [46m[PARTY][0m Byron: Yeah, me and zorbz are a fucking good combo in here
[16:41] [46m[PARTY][0m Byron: You should test your dmg on hurinteon zorb.  He has
[16:41]        exactly 97k hps or something
[16:42] [46m[PARTY][0m Byron: Just count the rounds
[16:42] [46m[PARTY][0m Zorbaine: hmm alright
[16:42] [46m[PARTY][0m Byron: Hmmmm...I'm gonna shred the next furtive
[16:43] [46m[PARTY][0m Byron: I bet I'll hit 30k some rounds
[16:45] [44m[Clan] Byron :[0m DOWN GOES ZORBAINE
[16:45] [44m[Clan] Byron :[0m ROOR #1 SOL
[16:45] [46m[PARTY][0m Zorbaine: wtf
[16:46] [44m[Clan] Zorbaine :[0m wtf, how does that happen when im bigger and we're in the same party
[16:46] [46m[PARTY][0m Byron: hahaha
[16:46] [44m[Clan] Byron :[0m He has RLI xp bonus too
[16:46] [44m[Clan] Byron :[0m So he's been making DOUBLE what you've been making
[16:46] [44m[Clan] Zorbaine :[0m ah
[16:46] [44m[Clan] Mud :[0m unhide yours for a sec and lemme know
[16:46] [44m[Clan] Byron :[0m ok
[16:46] [44m[Clan] Mud :[0m 545m nice
[16:47] [44m[Clan] Mud :[0m better than nix ive seen so far :P
[16:47] [44m[Clan] Mud :[0m speaking of which, lets talk smack
[16:47] [44m[Clan] Byron :[0m Would that make Nix...
[16:47] [44m[Clan] Byron :[0m The #2 bard?
[16:47] [44m[Clan] Roor :[0m stop talking and start killing
[16:47] [44m[Clan] Mud :[0m well, once TH gives me his last glvl of gxp (like he said).  he hasnt been dest'd yet eiher..
[16:47] [44m[Clan] Roor :[0m ive got gxp to make
[16:48] [46m[PARTY][0m Byron: woo
[16:48] [46m[PARTY][0m Byron: playercheck working again
[16:48] [44m[Clan] Zorbaine :[0m hahaha
[16:49] [46m[PARTY][0m Byron: Better title?
[16:50] [46m[PARTY][0m Byron: Will save my HA for glvl
[16:50] [46m[PARTY][0m Byron: I'm really curious how much harder I hit once I get this
[16:50]        60th melee point.
[16:50] [44m[Clan] Mud :[0m hopefully when bards get their turn, we more than useful spell.   though a smidge worried after sally tank changes
[16:51] [44m[Clan] Mud :[0m regarding acid the 1 dtype
[16:53] [44m[Clan] Byron :[0m Salamanders were the hardest hitters in the game by far
[16:53] [44m[Clan] Byron :[0m And on the other hand, gnomes got an upgrade.
[16:53] [44m[Clan] Mud :[0m think their tanking took a hit.  not sure about their dmg
[16:53] [44m[Clan] Mud :[0m re: sallys
[16:53] [44m[Clan] Mud :[0m gnome tank got a boost
[16:53] [44m[Clan] Byron :[0m I'm not sure how it was changed, if they can't enhacne as much or something.
[16:54] [44m[Clan] Byron :[0m Nfi how you would limit that within the jugger system I played last.
[16:54] [44m[Clan] Byron :[0m Cause every suit heals exactly the same.
[16:54] [44m[Clan] Mud :[0m inix/voodoo still sally, so they/re doin ok
[16:54] [44m[Clan] Byron :[0m Yeah, I don't think you really *can* limit sally tanking without overworking the entire guild.
[16:54] [44m[Clan] Mud :[0m forget what about, but I remember getting in a giant pissing match with reikl when he was boss
[16:55] [44m[Clan] Byron :[0m They just became hp balls and can heal the big rounds.
[16:55] [44m[Clan] Byron :[0m fuck riekl man
[16:55] [44m[Clan] Byron :[0m he was awful
[16:55] [44m[Clan] Mud :[0m yeah, i found his pic on 3k's (omp pics).. thought about linking it in hmchat :P
[16:55] [44m[Clan] Byron :[0m He's up there as one of my least liked wizzes of all time
[16:55] [44m[Clan] Mud :[0m zorb's on there a few
[16:55] [44m[Clan] Zorbaine :[0m yeah fuck riekl
[16:56] [44m[Clan] Mud :[0m i wish i had made em
[16:56] [44m[Clan] Zorbaine :[0m screwed me once, and was a putz at omp, but meh
[16:56] [44m[Clan] Mud :[0m oh, and Daftna.. in every pic, he has booze in his hand...  crazy eh?!?!
[16:56] [44m[Clan] Zorbaine :[0m lol nah, he was always high and drunk
[16:56] [44m[Clan] Zorbaine :[0m hence his wiping, lol
[16:56] [44m[Clan] Zorbaine :[0m i lived with him once, for a summer in nyc
[16:56] [44m[Clan] Zorbaine :[0m daftna/paris
[16:57] [44m[Clan] Mud :[0m did you bang 10s?
[16:57] [44m[Clan] Zorbaine :[0m haha
[16:57] [44m[Clan] Zorbaine :[0m he's such a fucking womanizer
[16:57] [44m[Clan] Zorbaine :[0m but tries, ladies like him
[16:58] [44m[Clan] Zorbaine :[0m though crosses lines... was hitting on my friends girlfriend once, etc
[16:58] [44m[Clan] Mud :[0m sounds about right from what I've gathered from my end
[16:58] [44m[Clan] Mud :[0m anywho
[16:59] [44m[Clan] Mud :[0m i miss a speedo auction earlier?   what those do, eh?
[16:59] [44m[Clan] Byron :[0m Make you look fucking good
[16:59] [44m[Clan] Mud :[0m *Auto-Lube 500 (worn in a discrete location).
[17:00] [44m[Clan] Byron :[0m I don't see any ahistory
[17:00] [44m[Clan] Byron :[0m W speedo
[17:00] [44m[Clan] Mud :[0m though i saw ser mention it
[17:00] [44m[Clan] Mud :[0m i got my lube for 2m, was on at the right time
[17:02] [44m[Clan] Mud :[0m (3% block an attack)
[17:02] [44m[Clan] Yik :[0m thats badass
[17:02] [44m[Clan] Byron :[0m 3% block? damn
[17:02] [44m[Clan] Mud :[0m for multi attack rnds, think it only catches 1
[17:03] [44m[Clan] Mud :[0m but yeah, its nice.  autoload
[17:03] [44m[Clan] Byron :[0m 75k to go.. woot
[17:03] [44m[Clan] Roor :[0m and then just think you'll have a mountain to look forward too
[17:03] [44m[Clan] Mud :[0m you got it mang...  ill socially distantly hug you
[17:04] [44m[Clan] Mud :[0m he gets 2 dodge w/ the year of gxp, watch
[17:05] [44m[Clan] Byron :[0m I haven't spent gxp since like glvl 90
[17:05] [44m[Clan] Mud :[0m so, think we have 3x and not long ago 4x MN mudders
[17:05] [44m[Clan] Roor :[0m my bet is 4 maybe 5
[17:05] [44m[Clan] Mud :[0m mud, ipsie, roken, old ser,
[17:06] [44m[Clan] Byron :[0m miss old ser
[17:06] [44m[Clan] Byron :[0m the new guy sucks
[17:06] [44m[Clan] Mud :[0m fuck em, lets pretend we cant see his ctell msgs
[17:06] [46m[PARTY][0m Byron: Nix.  We got westersea'in to do
[17:07] [46m[PARTY][0m Byron: Once I get glvl
[17:07] [46m[PARTY][0m Zorbaine: can all 3 of us do it?
[17:07] [46m[PARTY][0m Zorbaine: together
[17:07] [44m[Clan] Mud :[0m kidding honestly...   right about now im thankful that I can be socially distant with you all while I hermit, like normal
[17:07] [46m[PARTY][0m Zorbaine: like a band
[17:08] [44m[Clan] Mud :[0m we can be in the same room!
[17:08] [46m[PARTY][0m Byron: Laf
[17:08] [46m[PARTY][0m Byron: Where are you in wsea?
[17:08] [44m[Clan] Roor :[0m i told my wife i'm getting gl 102 during this lockdown
[17:08] [44m[Clan] Roor :[0m err 101
[17:08] [44m[Clan] Roor :[0m 102 is WAYYY to ambitious
[17:08] [44m[Clan] Mud :[0m as gentech, even crazier
[17:09] [44m[Clan] Byron :[0m laf
[17:09] [46m[PARTY][0m Zorbaine: I dunno, got parts to get into the caverns below the
[17:09]           church or something... to the corridor with glyphs on wall
[17:09] [46m[PARTY][0m Byron: why not
[17:09] [46m[PARTY][0m Zorbaine: couldnt figure it out
[17:09] [46m[PARTY][0m Byron: I can solve what you need
[17:09] [46m[PARTY][0m Zorbaine: then stopped playing
[17:10] [46m[PARTY][0m Byron: I did it fairly recently
[17:10] [46m[PARTY][0m Byron: What are your reps?
[17:10] [46m[PARTY][0m Byron: That's the big part
[17:12] [46m[PARTY][0m Byron: ?
[17:12] [46m[PARTY][0m Zorbaine: 36k
[17:12] [46m[PARTY][0m Byron: If you don't have 100k reps
[17:12] [46m[PARTY][0m Byron: Laf
[17:12] [46m[PARTY][0m Zorbaine: don't laught at me
[17:12] [46m[PARTY][0m Zorbaine: i've been through a lot
[17:13] [46m[PARTY][0m Zorbaine: ok?
[17:13] [46m[PARTY][0m Zorbaine: 😭
[17:15] [46m[PARTY][0m Byron: Once I get glvl.  I'll knock out some missions for you
[17:15] [46m[PARTY][0m Roor: zorbs you still in europe?
[17:15] [46m[PARTY][0m Byron: And if it gets you to 100
[17:15] [46m[PARTY][0m Byron: You can come along
[17:15] [46m[PARTY][0m Roor: fuck missions xp is where its at
[17:15] [46m[PARTY][0m Byron: He wants to solve Valiz too
[17:15] [46m[PARTY][0m Byron: We're on quaranteen. Let's d n d it
[17:15] [46m[PARTY][0m Roor: my office is open
[17:15] [37;1mMurdoc flaps :[0m woo! go driver! :P
[17:16] [46m[PARTY][0m Roor: going into coronavirus medical malpractice
[17:16] [46m[PARTY][0m Byron: good idea
[17:16] [46m[PARTY][0m Roor: figure there's going to be a fuck load of lawsuits for
[17:16]       people who die because they can't get treatment
[17:16] [46m[PARTY][0m Roor: well... as long as.. i ... don't die myself
[17:16] [46m[PARTY][0m Byron: Just what a health system that just got crushed needs
[17:16] [44m[Clan] Byron :[0m Hungry lawyers
[17:16] [46m[PARTY][0m Byron: Hungry lawyers
[17:16] [44m[Clan] Byron :[0m laf
[17:16] [44m[Clan] Roor :[0m haha
[17:17] [44m[Clan] Roor :[0m im plotting my career change
[17:17] [44m[Clan] Mud :[0m butcher?
[17:17] [44m[Clan] Roor :[0m coronavirus medical malpractice
[17:17] [44m[Clan] Mud :[0m yellow pages
[17:17] [44m[Clan] Roor :[0m think of it as new age ambulance chasing
[17:17] [44m[Clan] Byron :[0m [PARTY] Roor: going into coronavirus medical malpractice
[17:17] [44m[Clan] Byron :[0m [PARTY] Byron: Just what a health system that just got crushed needs
[17:17] [44m[Clan] Mud :[0m you sellin TP too?
[17:18] [44m[Clan] Roor :[0m i provide the bullshit they provide the tp
[17:18] [44m[Clan] Mud :[0m plently bs to go around
[17:18] [44m[Clan] Roor :[0m quarantine is killing the criminal practice
[17:18] [44m[Clan] Mud :[0m wish i got paid in tp
[17:18] [44m[Clan] Mud :[0m quarantine is killing every practice
[17:18] [44m[Clan] Roor :[0m yeah it fucking blows
[17:18] [44m[Clan] Mud :[0m lawyer whine
[17:19] [44m[Clan] Roor :[0m if i didn't have government clients i'd have nothing to do these days
[17:19] [44m[Clan] Mud :[0m if i wasnt in IT, id be homeless
[17:19] [44m[Clan] Mud :[0m glad my services are 'essential'
[17:19] [44m[Clan] Mud :[0m according to my employer
[17:20] [44m[Clan] Mud :[0m blech... dont come to 3k to bitch... im done
[17:20] [44m[Clan] Mud :[0m i love yall
[17:20] [46m[PARTY][0m Byron: see if you can get a port out zorbz and i'll help you w/
[17:20]        wsea quests
[17:21] [46m[PARTY][0m Byron: and by the time I glvl
[17:21] [46m[PARTY][0m Byron: Me and Nix will be solving maybe
[17:21] [46m[PARTY][0m Zorbaine: why dont we just walk?
[17:21] [46m[PARTY][0m Byron: Ok then
[17:22] [44m[Clan] Mud :[0m how bout that weather?
[17:22] [44m[Clan] Zorbaine :[0m it's fucking cold in vienna today
[17:23] [44m[Clan] Zorbaine :[0m like 35
[17:23] [44m[Clan] Mud :[0m MN up to 45 right now... swim suit temps
[17:23] [44m[Clan] Byron :[0m was 80 when I got into cape may
[17:23] [44m[Clan] Mud :[0m inch of snow gone
[17:23] [44m[Clan] Byron :[0m Warm as fuck 2 days ago
[17:24] [44m[Clan] Mud :[0m i miss your warmth
[17:24] [44m[Clan] Zorbaine :[0m lol
[17:24] [44m[Clan] Mud :[0m hold me
[17:24] [37;1mDy flaps :[0m In news today: Zombies are now attacking people for their sanitizer.
[17:25] [37;1mMud flaps :[0m zoidberg: your jokes are bad, and you should feel bad
[17:25] [37;1mInquisitor flaps :[0m I didn't even make the joke and I feel attacked.  :P
[17:25] [37;1mDy flaps :[0m Can I eat at Red Lobster instead?
[17:27] [44m[Clan] Mud :[0m so... nowadays, do ALL wizards get to keep their player chars, and wiz duty on the side?
[17:27] [44m[Clan] Mud :[0m know of TH, Frank, Fuzzy,
[17:27] [44m[Clan] Mud :[0m id wiz, if i can keep grinding
[17:28] [44m[Clan] Zorbaine :[0m i dont know if they changed the rules
[17:29] [44m[Clan] Zorbaine :[0m im planning to apply again soon with a new character maybe, but i dunno, with the botting thing recently, sigh
[17:29] [44m[Clan] Zorbaine :[0m fucking someone elses script i didnt even use fucking up my deadman
[17:29] [44m[Clan] Mud :[0m well, know of an excemption, but not sure if that is new norm
[17:29] [44m[Clan] Zorbaine :[0m theyre probably more lenient considering they have like no one these days
[17:29] [44m[Clan] Byron :[0m They all didn't have player chars for a while.
[17:29] [44m[Clan] Byron :[0m Frank/TH did a lot before getting em back.
[17:30] [44m[Clan] Mud :[0m aye..   for sure
[17:30] [44m[Clan] Byron :[0m So nothing unusual.  Fuzzy was an exception I 100% agree with.
[17:30] [44m[Clan] Mud :[0m but, it would get a lot more to consider if that werent the case
[17:30] [44m[Clan] Mud :[0m but yeah, fuzzy/KG was outside the scope.  medical,etc
[17:31] [44m[Clan] Zorbaine :[0m what was fuzzy's story?
[17:31] [44m[Clan] Byron :[0m He needs a liver transplant.
[17:31] [44m[Clan] Mud :[0m wanted to play, medical (unknown)
[17:31] [44m[Clan] Zorbaine :[0m ah.
[17:32] [44m[Clan] Mud :[0m if i could 'never' play 3k, i'd 'never' wiz
[17:32] [44m[Clan] Zorbaine :[0m well the way it worked before was you just had to get to certain wiz rank before you could play again... seemed fair I guess, but maybe they lower it nowadays
[17:32] [44m[Clan] Byron :[0m It's not never, you just have to code to a rank
[17:33] [44m[Clan] Mud :[0m with a bunch of unused area coding, just to show capability
[17:33] [44m[Clan] Byron :[0m But yeah, you can't casually play both from the get-go
[17:34] [44m[Clan] Zorbaine :[0m i made a website to design and build areas, visually, and spit out mudcode
[17:34] [44m[Clan] Zorbaine :[0m its like hafl working, will finish someday probably
[17:34] [44m[Clan] Mud :[0m aye, i understand the gauntlet to make actual changes...
[17:34] [44m[Clan] Zorbaine :[0m cause building areas in JUST mud-side code is a pita
[17:35] [44m[Clan] Zorbaine :[0m but guess a good brain excercise
[17:35] [44m[Clan] Zorbaine :[0m but nice to see it all visually, items, rooms, mobs, etc
[17:35] [44m[Clan] Mud :[0m i have an admission
[17:35] [44m[Clan] Zorbaine :[0m you're cold?
[17:35] [44m[Clan] Mud :[0m always
[17:36] [44m[Clan] Zorbaine :[0m haha
[17:36] [44m[Clan] Zorbaine :[0m cold hands... warm heart
[17:36] [44m[Clan] Mud :[0m picked up some booze.
[17:36] [44m[Clan] Zorbaine :[0m yo. freaking whole big bottle of framboise in vienna... 2.50 euro!!
[17:37] [44m[Clan] Mud :[0m 2nd time in 6 years to have a sip
[17:37] [44m[Clan] Zorbaine :[0m ahh. well nice to enjoy it now and then, responsibly sure
[17:37] [44m[Clan] Zorbaine :[0m even healthy to an extent, one drink at a time
[17:38] [44m[Clan] Mud :[0m i put in 84 hours last week, just a taste...  i didnt quit that long to throw it away
[17:38] [44m[Clan] Zorbaine :[0m honestly only thing not healthy about alcohol is the yeast cultures... (assuming not drinking more than ~2 drinks of course)
[17:38] [44m[Clan] Mud :[0m i worked at a beer distributor for 4 years after i went sober... try that
[17:38] [44m[Clan] Zorbaine :[0m nice for discipline i bet
[17:39] [44m[Clan] Mud :[0m anywho, im ok.  just having a couple cocktails since the world is on fire
[17:39] [46m[PARTY][0m Byron: shred'd
[17:40] [44m[Clan] Zorbaine :[0m cheers
[17:40] [44m[Clan] Mud :[0m aye!
[17:40] [44m[Clan] Mud :[0m ive got some holy grail and OG#18
[17:40] [44m[Clan] Zorbaine :[0m fuck im starting to forget what good weed, or any weed, tastes like
[17:41] [44m[Clan] Mud :[0m i get huggy when i drink....  better than a fighter though
[17:41] [44m[Clan] Zorbaine :[0m though walked past a dude blazing something nice tonight
[17:41] [44m[Clan] Zorbaine :[0m didnt ask though
[17:41] [44m[Clan] Zorbaine :[0m i go on big breaks... bing smoke for 3-6 months, then nothing for 3-6 months, same with anything/mudding i guess
[17:41] [44m[Clan] Mud :[0m aye, welcome back :P
[17:42] [44m[Clan] Zorbaine :[0m ty!
[17:42] [44m[Clan] Zorbaine :[0m need to put some work into my settings, fix bot, started to recently
[17:43] [44m[Clan] Mud :[0m fix deadman?>!?!?!?!  omg deadmean!!!!
[17:43] [44m[Clan] Mud :[0m mocking others
[17:43] [44m[Clan] Zorbaine :[0m grin/sigh
[17:43] [44m[Clan] Mud :[0m though, i didny make my own... i have ser's...  so im noone to talk
[17:43] [33m[Auction] Simple (jedi) :[0m wtb 2.0 aura
[17:43] [44m[Clan] Zorbaine :[0m yeah that's what i used too, just some other script was overriding priority
[17:44] [44m[Clan] Mud :[0m i have a server setup with Inix's stuff.  i need to mash in my heartbeat and map/bots..  then ill be set
[17:45] [44m[Clan] Zorbaine :[0m nice, planning to check out and use inix's automated mapper, after i get hm, and fix my bot, and get laid
[17:45] [44m[Clan] Byron :[0m woo, just got a round counter added to my hpbar
[17:45] [44m[Clan] Mud :[0m i got stuck in his house wi8th the map
[17:45] [44m[Clan] Mud :[0m but, it loaded
[17:45] [44m[Clan] Byron :[0m How is the mapper?
[17:46] [36mGargoyle <cgame>:[0m Voodoo has joined the game.
[17:46] [36mGargoyle <cgame>:[0m Byron has joined the game.
[17:46] [36mGargoyle <cgame>:[0m The game begins!
[17:46] [32mGargoyle whispers: [0mYou are an innocent.
[17:46] [36mGargoyle <cgame>:[0m An evil cult is hidden amongst the villagers of Black River.  The village is sleeping peacefully one night as the cult emerges....  It is now night time.  Role players, please
[17:46]                   enter your actions.
[17:46] [44m[Clan] Zorbaine :[0m how come everytime i start talking to a nice girl, theres always another sexy jewish girl fighting for attention as well, every. time.
[17:46] [44m[Clan] Mud :[0m im not the one to ask, sorry.  in last 2 years ive been active i havent dabbled with new map area/rooms
[17:47] [44m[Clan] Byron :[0m go hotel, go rimalkins :P
[17:47] [44m[Clan] Byron :[0m why would you need to
[17:47] [36mGargoyle <cgame>:[0m One more minute left for role players to enter night actions.
[17:47] [44m[Clan] Mud :[0m i dont have either area mapped.  i juST have main areas
[17:48] [44m[Clan] Mud :[0m ive been active almost 3 years, i blame ser45
[17:48] [36mGargoyle <cgame>:[0m Time's up!  The sun is rising.
[17:48] [36mGargoyle <cgame>:[0m No one was murdered by the cultists tonight.
[17:48] [36mGargoyle <cgame>:[0m It is now daytime.  It is time to convict someone.
[17:48] [36mGargoyle <cgame>:[0m Space has been booted from the game by Byron.
[17:48] [36mGargoyle <cgame>:[0m All the cultists are dead.  The village wins!
[17:48] [36mGargoyle <cgame>:[0m The remaining roles were: Angel: Motorbreath. 
[17:48] [36mGargoyle <cgame>:[0m Crolack has joined the game.
[17:48] [44m[Clan] Mud :[0m but 24 yers total
[17:48] [36mByron <cgame>:[0m filthy culty space
[17:48] [36mGargoyle <cgame>:[0m Byron has joined the game.
[17:48] [36mMotorbreath <cgame>:[0m aa is cult
[17:49] [44m[Clan] Mud :[0m otherwise since 97 on dialup
[17:50] [44m[Clan] Zorbaine :[0m nice. i started in 2000? byron and nix you guys were a couple years before that?
[17:50] [44m[Clan] Zorbaine :[0m they got me into it, sigh
[17:50] [44m[Clan] Mud :[0m buddy introduced me around 97. tasslehoff and mousey
[17:50] [44m[Clan] Mud :[0m think was first ghost?
[17:50] [35;1mYou tell Malachi:[0m ghost
[17:50] [35;1mYou tell Malachi:[0m oops sorry
[17:52] [46m[PARTY][0m Byron: I was maybe...97? 98?
[17:52] [44m[Clan] Byron :[0m I was maybe...97? 98?
[17:52] [44m[Clan] Mud :[0m fu cuban B
[17:53] [46m[PARTY][0m Byron: Last mob was 40mil, killed in 35 rnds
[17:53] [46m[PARTY][0m Zorbaine: cheaters
[17:54] [44m[Clan] Mud :[0m boo, adalius isnt on/showing
[17:55] [44m[Clan] Mud :[0m last guild open was psi
[17:59] [44m[Clan] Byron :[0m 10k!
[18:01] [46m[PARTY][0m Byron: wow
[18:02] [46m[PARTY][0m Byron: we fucking roasted furtive
[18:04] [46m[PARTY][0m Roor: i know dg gentech
[18:05] [46m[PARTY][0m Roor: two sets of spare ribs coming off the smoker in 1 hours
[18:05] [46m[PARTY][0m Roor: did spare ribs instead of baby backs
[18:05] [46m[PARTY][0m Byron: I'll bring the alcohol wipes
[18:05] [46m[PARTY][0m Zorbaine: whats the difference?
[18:05] [44m[Clan] Byron :[0m One comes from a child
[18:05] [46m[PARTY][0m Zorbaine: lol
[18:06] [46m[PARTY][0m Roor: laf, the spare ribs are like the bulk of the rib
[18:06] [46m[PARTY][0m Roor: baby backs are more curved so the ends of the rib bone
[18:06] [46m[PARTY][0m Roor: 2B exactly from lvl 111
[18:06] [46m[PARTY][0m Roor: 660m in here
[18:07] [46m[PARTY][0m Zorbaine: nod
[18:09] [44m[Clan] Byron :[0m woooooooo
[18:09] [44m[Clan] Byron :[0m woooooooo
[18:09] [44m[Clan] Byron :[0m woooooooo
[18:09] [44m[Clan] Byron :[0m woooooooo
[18:09] [44m[Clan] Byron :[0m woooooooo
[18:09] [44m[Clan] Byron :[0m woooooooo
[18:10] [44m[Clan] Zorbaine :[0m woo
[18:10] [44m[Clan] Ipsie :[0m what i miss?
[18:12] [44m[Clan] Ser :[0m nothing important
[18:14] [44m[Clan] Zorbaine :[0m my bad, she isn't jewish! but for some reason wants to visit israel... just thought the pattern was making its round again
[18:15] [44m[Clan] Zorbaine :[0m *eats foot*
[18:16] [44m[Clan] Mud :[0m wish we could fix that
[18:19] [46m[PARTY][0m Byron: Ok
[18:19] [46m[PARTY][0m Byron: Let me go glvl
[18:19] [46m[PARTY][0m Byron: Then we westersea
[18:19] [46m[PARTY][0m Zorbaine: really?
[18:19] [46m[PARTY][0m Zorbaine: nice
[18:19] [46m[PARTY][0m Byron: Well, I already glvld
[18:19] [46m[PARTY][0m Byron: Let me go spend this gxp
[18:19] [46m[PARTY][0m Byron: 130 million (like 4 glvls saved)
[18:20] [46m[PARTY][0m Zorbaine: ah
[18:22] [46m[PARTY][0m Byron: gonna leave roor at entrance. pop nix on whenever. will
[18:22]        drag zorb through a couple of missions
[18:25] [33;1m(Knight 55) Asher:[0m Joust?
[18:25] [33;1m(Defender 134) Motorbreath:[0m sure
[18:25] [33;1m(Defender 134) Motorbreath:[0m good joust
[18:25] [33;1m(Knight 55) Asher:[0m Good joust! :)
[18:26] [44m[Clan] Zorbaine :[0m software developer in german is... "Softwareentwickler"
[18:27] [44m[Clan] Zorbaine :[0m thought it was a joke
[18:27] [44m[Clan] Roken :[0m sounds like software tweeker
[18:27] [44m[Clan] Roken :[0m er, tweaker*
[18:28] [44m[Clan] Zorbaine :[0m software tickler, tee-hee
[18:29] [44m[Clan] Roken :[0m hee-hee
[18:29] [46m[PARTY][0m Roor: roger
[18:29] [46m[PARTY][0m Byron: come to town
[18:29] [46m[PARTY][0m Byron: we're solving wsea stuff for you
[18:30] [46m[PARTY][0m Zorbaine: brt
[18:30] [46m[PARTY][0m Byron: I'll do it all
[18:30] [46m[PARTY][0m Zorbaine: that corridor at bottom of catacombs in wsea, with
[18:30]           glyphs... past there is what? cocoon?
[18:30] [46m[PARTY][0m Byron: Yes
[18:30] [46m[PARTY][0m Zorbaine: nice
[18:30] [44m[Clan] Byron :[0m 60 melee woo
[18:30] [44m[Clan] Byron :[0m now the dodge
[18:31] [46m[PARTY][0m Zorbaine: at cot
[18:31] [44m[Clan] Byron :[0m Dodge          : 38/38(-)
[18:31] [44m[Clan] Byron :[0m got 10 points
[18:31] [44m[Clan] Mud :[0m singular?
[18:31] [44m[Clan] Byron :[0m boo. ya.
[18:32] [44m[Clan] Mud :[0m kk! grats
[18:32] [44m[Clan] Mud :[0m !!!!!!!!!!!!!!!!!!!!!!!
[18:32] [44m[Clan] Nix :[0m 43/73
[18:32] [44m[Clan] Byron :[0m laf
[18:32] [44m[Clan] Nix :[0m lol
[18:32] [44m[Clan] Mud :[0m now, let nix smack you down a peg
[18:32] [35;1mByron tells you:[0m follow
[18:32] [44m[Clan] Nix :[0m im envious
[18:32] [44m[Clan] Nix :[0m his gl is 54m
[18:32] [44m[Clan] Nix :[0m mine started at 122
[18:33] [46m[PARTY][0m Zorbaine: wya
[18:33] [44m[Clan] Mud :[0m dodge 88  999999999999
[18:33] [46m[PARTY][0m Byron: cot
[18:33] [46m[PARTY][0m Byron: wtf you doing
[18:33] [46m[PARTY][0m Zorbaine: cant follow
[18:33] [46m[PARTY][0m Zorbaine: at wsea
[18:33] [46m[PARTY][0m Byron: why
[18:33] [46m[PARTY][0m Zorbaine: i dunno
[18:33] [46m[PARTY][0m Zorbaine: wouldnt let me go to your house
[18:33] [46m[PARTY][0m Byron: o
[18:33] [46m[PARTY][0m Byron: you are my house
[18:33] [46m[PARTY][0m Byron: we have the same one
[18:33] [46m[PARTY][0m Zorbaine: i dunno
[18:34] [46m[PARTY][0m Byron: weird
[18:34] [46m[PARTY][0m Byron: ocmplete
[18:34] [46m[PARTY][0m Byron: complete
[18:34] [46m[PARTY][0m Byron: say complete
[18:36] [46m[PARTY][0m Byron: we'll clear slum quicjk
[18:37] [44m[Clan] Mud :[0m imma punch in so ig et paid to mud/play.   im essential, so they better pay me to downtime too
[18:37] [44m[Clan] Nix :[0m hell yea
[18:37] [44m[Clan] Nix :[0m the way i see it your on call 24/7
[18:37] [46m[PARTY][0m Byron: complete
[18:38] [44m[Clan] Nix :[0m bill 24/7
[18:38] [44m[Clan] Mud :[0m ive been on call 24/7 the last two week
[18:38] [44m[Clan] Mud :[0m im a spendy bitch
[18:38] [44m[Clan] Mud :[0m i aint no entry lvl ho
[18:39] [44m[Clan] Nix :[0m ring ring... Mud: Hello? Employee: If I access pornhub on my work computer remotely can they track me?
[18:39] [46m[PARTY][0m Byron: inform widow
[18:39] [44m[Clan] Mud :[0m did you try turning it off and on again
[18:39] [44m[Clan] Mud :[0m the computer, not yer baby bi6s
[18:39] [44m[Clan] Mud :[0m biyyd
[18:40] [44m[Clan] Mud :[0m whelp, thats ny call.  no more typing
[18:40] [44m[Clan] Zorbaine :[0m one drink!
[18:41] [46m[PARTY][0m Byron: try eavesdrop/listen
[18:42] [46m[PARTY][0m Byron: say ivars
[18:44] [36mGargoyle <cgame>:[0m Yik has joined the game.
[18:45] [46m[PARTY][0m Zorbaine: i can do lamps
[18:46] [46m[PARTY][0m Byron: give rolls
[18:47] [46m[PARTY][0m Zorbaine: i need more cha
[18:47] [46m[PARTY][0m Byron: hmmm
[18:47] [46m[PARTY][0m Byron: ugly fuck
[18:47] [46m[PARTY][0m Byron: try that
[18:47] [46m[PARTY][0m Zorbaine: how much do you think i need
[18:48] [46m[PARTY][0m Byron: embiggen?
[18:48] [46m[PARTY][0m Byron: shes giving you rolls
[18:48] [46m[PARTY][0m Byron: all good
[18:48] [46m[PARTY][0m Byron: i think you need 10
[18:48] [46m[PARTY][0m Byron: or 5
[18:48] [46m[PARTY][0m Byron: so keep handing em over
[18:49] [46m[PARTY][0m Zorbaine: gonna need one more bell
[18:49] [46m[PARTY][0m Byron: lets try those
[18:49] [46m[PARTY][0m Zorbaine: k
[18:49] [46m[PARTY][0m Byron: and see
[18:49] [46m[PARTY][0m Byron: give tommy rolls
[18:50] [46m[PARTY][0m Zorbaine: 40k reps
[18:51] [46m[PARTY][0m Byron: examine lamps
[18:51] [46m[PARTY][0m Byron: as I go into these rooms
[18:53] [46m[PARTY][0m Zorbaine: done
[18:54] [46m[PARTY][0m Byron: THE CORPSE
[18:54] [46m[PARTY][0m Byron: IT"S DOTAR
[18:54] [46m[PARTY][0m Byron: Mayne continues: Dotar is an old 'friend' of mine who
[18:54]        tried to take over Westersea several years ago. He's a
[18:54]        necromancer of sorts
[18:54] [46m[PARTY][0m Byron: ITS FUCKING DOTAR
[18:54] [46m[PARTY][0m Byron: WOOOO
[18:55] [46m[PARTY][0m Byron: I just figured it out
[18:55] [46m[PARTY][0m Byron: the end
[18:55] [46m[PARTY][0m Zorbaine: ahh
[18:55] [46m[PARTY][0m Zorbaine: your thing
[18:55] [46m[PARTY][0m Zorbaine: nice
[18:55] [46m[PARTY][0m Byron: lets go wack dotar
[18:57] [46m[PARTY][0m A ghostly form of Byron: fucked that up
[18:57] [46m[PARTY][0m Zorbaine: ouch
[18:59] [46m[PARTY][0m Byron: we'll do the explorer ones next
[18:59] [46m[PARTY][0m Byron: those are huge reps
[18:59] [46m[PARTY][0m Byron: like 35/50k
[18:59] [46m[PARTY][0m Byron: i think
[19:00] [46m[PARTY][0m Byron: oh fuck I had called shot on
[19:00] [46m[PARTY][0m Zorbaine: why do i need 100k?
[19:00] [46m[PARTY][0m Byron: Because that's how many you need to have michael oxtrott
[19:00]        talk to you
[19:01] [46m[PARTY][0m Zorbaine: nod
[19:02] [46m[PARTY][0m Zorbaine: 48k
[19:02] [46m[PARTY][0m Byron: try completing here
[19:02] [46m[PARTY][0m Byron: exporer stuff here
[19:06] [46m[PARTY][0m Byron: push branhces
[19:06] [46m[PARTY][0m Byron: branches*
[19:07] [46m[PARTY][0m Byron: bunch of misisons here on board
[19:08] [46m[PARTY][0m Zorbaine: got em
[19:09] [46m[PARTY][0m Byron: fucker no hm
[19:10] [46m[PARTY][0m Byron: reinstalling cmud
[19:10] [46m[PARTY][0m Byron: to get my old map
[19:10] [46m[PARTY][0m Byron: and burn through these
[19:11] [46m[PARTY][0m Zorbaine: lol nice
[19:11] [46m[PARTY][0m Zorbaine: lol nice
[19:11] [46m[PARTY][0m Byron: we can do udark
[19:11] [46m[PARTY][0m Byron: wo that map
[19:11] [46m[PARTY][0m Zorbaine: i have a map fyi obviously, just turned it off on tintin
[19:11]           for now
[19:11] [46m[PARTY][0m Zorbaine: causes more problems
[19:12] [46m[PARTY][0m Zorbaine: little worried corona is trying to get into my body
[19:12] [46m[PARTY][0m Zorbaine: but whatever
[19:12] [46m[PARTY][0m Byron: of course it is
[19:12] [46m[PARTY][0m Zorbaine: i figure my best options for death are either corona, or
[19:12]           voluntary starvation
[19:13] [46m[PARTY][0m Byron: take the beer
[19:13] [46m[PARTY][0m Byron: i meant the corona
[19:13] [46m[PARTY][0m Zorbaine: lol
[19:13] [46m[PARTY][0m Zorbaine: i just mean ive been having runny nose, chills
[19:13] [46m[PARTY][0m Byron: cia gonna be in your window in 5 seconds
[19:13] [46m[PARTY][0m Zorbaine: but im made to overcome this stuff naturally, part of my
[19:13]           game
[19:13] [46m[PARTY][0m Zorbaine: grin
[19:19] [46m[PARTY][0m Byron: you ahve to go in
[19:19] [46m[PARTY][0m Zorbaine: got it
[19:19] [46m[PARTY][0m Byron: im to evil
[19:19] [46m[PARTY][0m Zorbaine: bastard
[19:20] [46m[PARTY][0m Zorbaine: i was walking through subway and walked around a corner
[19:20]           and some douchebag homeless bum or something basically
[19:20]           coughed practically in my face without covering his mouth
[19:20] [46m[PARTY][0m Zorbaine: wtf is wrong with people
[19:20] [46m[PARTY][0m Zorbaine: he kinda saw me too
[19:20] [46m[PARTY][0m Zorbaine: will onmly make me stronger
[19:20] [46m[PARTY][0m Zorbaine: or otherwise end my depression
[19:20] [46m[PARTY][0m Zorbaine: win win
[19:21] [46m[PARTY][0m Byron: walk like an egyptian
[19:21] [46m[PARTY][0m Byron: no
[19:21] [46m[PARTY][0m Byron: push right eye
[19:22] [46m[PARTY][0m Byron: do both again
[19:22] [46m[PARTY][0m Byron: say no
[19:22] [46m[PARTY][0m Byron: portal
[19:23] [46m[PARTY][0m Zorbaine: got it
[19:28] [46m[PARTY][0m Zorbaine: done
[19:37] [46m[PARTY][0m Zorbaine: got it
[19:39] [46m[PARTY][0m Zorbaine: got it
[19:39] [46m[PARTY][0m Byron: complete stuff
[19:41] [46m[PARTY][0m Byron: almost got you in
[19:42] [46m[PARTY][0m Zorbaine: 99.5k
[19:42] [46m[PARTY][0m Zorbaine: alister
[19:44] [46m[PARTY][0m Byron: say jan
[19:45] [46m[PARTY][0m Byron: tom
[19:45] [46m[PARTY][0m Byron: say tome
[19:45] [46m[PARTY][0m Byron: som*
[19:45] [46m[PARTY][0m Byron: fuck
[19:45] [46m[PARTY][0m Byron: tom*
[19:47] [46m[PARTY][0m Byron: ok, lets get you in tomb now
[19:47] [46m[PARTY][0m Byron: let me translate your name...
[19:48] [46m[PARTY][0m Byron: murmur -n--bpr-zzz
[19:50] [46m[PARTY][0m Zorbaine: sweetsay
[19:51] [46m[PARTY][0m Byron: immolate corpses
[19:51] [46m[PARTY][0m Byron: cant use morgue
[19:51] [46m[PARTY][0m Byron: need fresh meat
[19:51] [46m[PARTY][0m Byron: sec
[19:51] [46m[PARTY][0m Byron: ill round up an area and nuke it
[19:52] [46m[PARTY][0m Zorbaine: k
[19:52] [46m[PARTY][0m Zorbaine: laf
[19:52] [46m[PARTY][0m Byron: spam immolate/bury
[19:52] [46m[PARTY][0m Zorbaine: The field spits the corpse out, it doesn't like Monsanto
[19:52]           and GMOs.
[19:52] [46m[PARTY][0m Byron: i know
[19:52] [46m[PARTY][0m Byron: its mask
[19:52] [46m[PARTY][0m Byron: immolate/bury
[19:52] [46m[PARTY][0m Byron: jesus
[19:53] [46m[PARTY][0m Zorbaine: news to me
[19:53] [46m[PARTY][0m Zorbaine: 9 mins
[19:53] [46m[PARTY][0m Zorbaine: blocked?
[19:53] [46m[PARTY][0m Byron: say complete
[19:55] [46m[PARTY][0m Byron: lets do it
[19:55] [37;1mMotorbreath flaps :[0m lost woods musics, best calming music ever
[19:55] [46m[PARTY][0m Byron: this is cocoon room
[19:55] [46m[PARTY][0m Byron: break egg
[19:55] [46m[PARTY][0m Byron: calls spider
[19:55] [37;1mZorbaine flaps :[0m https://9128.live/
[19:55] [37;1mVagrant flaps :[0m sounds like it
[19:55] [46m[PARTY][0m Byron: ooo cocoon here
[19:55] [46m[PARTY][0m Byron: you can have
[19:55] [46m[PARTY][0m Byron: its legendary
[19:55] [46m[PARTY][0m Zorbaine: nice
[19:55] [46m[PARTY][0m Byron: so be careful blowing it up
[19:56] [46m[PARTY][0m Zorbaine: hows it work
[19:56] [46m[PARTY][0m Byron: you wear it
[19:56] [46m[PARTY][0m Byron: DR + AC
[19:56] [46m[PARTY][0m Byron: 'fuse' hps into it
[19:56] [46m[PARTY][0m Byron: to keep DR up
[19:56] [46m[PARTY][0m Byron: (unyielding)
[19:56] [46m[PARTY][0m Byron: get it
[19:56] [46m[PARTY][0m Byron: brb
[19:56] [46m[PARTY][0m Zorbaine: whats unyielding
[19:56] [46m[PARTY][0m Byron: youll see
[19:56] [46m[PARTY][0m Byron: fuse cocoon
[19:57] [46m[PARTY][0m Zorbaine: solid is max?
[19:57] [46m[PARTY][0m Byron: no
[19:57] [46m[PARTY][0m Byron: unyielding
[19:57] [46m[PARTY][0m Zorbaine: nod
[19:57] [46m[PARTY][0m Zorbaine: with skin thats pretty clutch huh
[19:57] [46m[PARTY][0m Zorbaine: g2g
[19:58] [33m[Auction] Robert :[0m Up for bids: Club of Brain Bashing.
[19:58] [33m[Auction] Byron (bard) :[0m ineffective vs. kitt
[19:58] [46m[PARTY][0m Byron: you're bouncing? laf
[19:58] [46m[PARTY][0m Byron: I thought you wanted to solve w me
[19:58] [46m[PARTY][0m Zorbaine: bouncing?
[19:58] [33m[Auction] Vagrant (necr) :[0m lol
[19:58] [46m[PARTY][0m Zorbaine: no
[19:58] [46m[PARTY][0m Byron: you said g2g
[19:58] [46m[PARTY][0m Zorbaine: i mean good to go
[19:58] [46m[PARTY][0m Byron: oh
[19:58] [46m[PARTY][0m Zorbaine: lol
[19:58] [46m[PARTY][0m Byron: ok
[19:58] [46m[PARTY][0m Zorbaine: what fucking slot is it
[19:58] [46m[PARTY][0m Byron: main
[19:59] [46m[PARTY][0m Zorbaine: but smart to string it?thats what people do? or zosi ring?
[19:59] [46m[PARTY][0m Byron: I zosi it
[19:59] [46m[PARTY][0m Zorbaine: and loses ac tho right?
[19:59] [46m[PARTY][0m Byron: yep
[19:59] [46m[PARTY][0m Zorbaine: thanks man
[19:59] [46m[PARTY][0m Byron: but keeps dr + smd
[19:59] [46m[PARTY][0m Byron: string 2.0 keeps ac
[19:59] [46m[PARTY][0m Zorbaine: to get back into tunnel... i hae to solve name thing again
[19:59]           each time?
[19:59] [46m[PARTY][0m Byron: nope
[19:59] [46m[PARTY][0m Zorbaine: oh wow nice
[19:59] [46m[PARTY][0m Zorbaine: nice
[20:00] [46m[PARTY][0m Byron: husk is in here
[20:00] [46m[PARTY][0m Byron: other is on cloud (belt of insects)
[20:00] [46m[PARTY][0m Byron: boots that I'm wearing are on the beetles
[20:00] [46m[PARTY][0m Byron: this shield is 5% block
[20:00] [46m[PARTY][0m Byron: not a bad choice if you dont have auro
[20:01] [46m[PARTY][0m Zorbaine: whats husk?
[20:01] [46m[PARTY][0m Byron: let me get you copperas
[20:01] [46m[PARTY][0m Byron: its a shield
[20:01] [46m[PARTY][0m Byron: random drop
[20:01] [46m[PARTY][0m Byron: talk to alister
[20:04] [46m[PARTY][0m Zorbaine: church tomb cleanup added
[20:04] [46m[PARTY][0m Byron: ok
[20:04] [46m[PARTY][0m Byron: i got your make contact stuff
[20:04] [46m[PARTY][0m Zorbaine: cool
[20:04] [46m[PARTY][0m Byron: sprinkle powder or dust
[20:04] [46m[PARTY][0m Byron: or something
[20:04] [46m[PARTY][0m Byron: that jar igave you
[20:04] [46m[PARTY][0m Zorbaine: on what
[20:05] [46m[PARTY][0m Byron: on the sphere
[20:05] [46m[PARTY][0m Zorbaine: assist presence added
[20:07] [46m[PARTY][0m Byron: i dont remmeber this part exactly as well...hmm
[20:07] [46m[PARTY][0m Byron: amybe this
[20:07] [46m[PARTY][0m Byron: sr statue
[20:07] [46m[PARTY][0m Byron: arm
[20:07] [46m[PARTY][0m Byron: stuff likle that
[20:10] [46m[PARTY][0m Byron: i can summon you luckily
[20:10] [46m[PARTY][0m Zorbaine: lol
[20:12] [46m[PARTY][0m Byron: you might ahve to examine stuff
[20:12] [46m[PARTY][0m Byron: well, i got you into tomb
[20:12] [46m[PARTY][0m Byron: Think this is where we part
[20:12] [46m[PARTY][0m Zorbaine: thanks man
[20:12] [46m[PARTY][0m Zorbaine: i'll quest or something, gonna crash soon
[20:12] [46m[PARTY][0m Byron: ok
[20:13] [46m[PARTY][0m Byron: search around
[20:13] [46m[PARTY][0m Byron: dont leave the mansion
[20:13] [46m[PARTY][0m Byron: or do
[20:13] [46m[PARTY][0m Byron: whatever
[20:13] [46m[PARTY][0m Zorbaine: what am i looking for
[20:13] [46m[PARTY][0m Byron: i blew my teleport on you :P
[20:13] [46m[PARTY][0m Byron: just weird shit
[20:13] [46m[PARTY][0m Byron: stuff that doesnt amke sense
[20:13] [46m[PARTY][0m Byron: like this
[20:13] [46m[PARTY][0m Byron: the chandelier
[20:13] [46m[PARTY][0m Byron: hmm
[20:13] [46m[PARTY][0m Zorbaine: but what is goal?
[20:13] [46m[PARTY][0m Byron: not here
[20:13] [46m[PARTY][0m Byron: there are two places
[20:13] [46m[PARTY][0m Byron: one in the past
[20:13] [46m[PARTY][0m Byron: one in present
[20:14] [46m[PARTY][0m Byron: ill try something
[20:14] [46m[PARTY][0m Byron: i know theres 1 in here
[20:14] [46m[PARTY][0m Byron: bo is grabing me bones
[20:14] [46m[PARTY][0m Zorbaine: ribs?
[20:15] [46m[PARTY][0m Byron: laf no
[20:15] [46m[PARTY][0m Byron: dragon
[20:15] [46m[PARTY][0m Zorbaine: lol
[20:15] [46m[PARTY][0m Byron: for alchemy
[20:15] [46m[PARTY][0m Zorbaine: know where to get ring of gender change?
[20:15] [46m[PARTY][0m Byron: random
[20:15] [46m[PARTY][0m Zorbaine: nod
[20:15] [46m[PARTY][0m Zorbaine: lmk if you find
[20:15] [46m[PARTY][0m Byron: examine pipes
[20:15] [44m[Clan] Zorbaine :[0m hey if anyone ever comes across a ring of gender change, lmk?
[20:16] [44m[Clan] Zorbaine :[0m asking for a friend
[20:16] [44m[Clan] Nix :[0m them/they?
[20:16] [44m[Clan] Zorbaine :[0m my alt Ivy
[20:17] [46m[PARTY][0m Byron: maybe its the old mansion
[20:17] [46m[PARTY][0m Zorbaine: still nfc what im looking for
[20:17] [46m[PARTY][0m Byron: there are two mansions
[20:17] [46m[PARTY][0m Zorbaine: nod
[20:17] [46m[PARTY][0m Byron: well, 2 westerseas
[20:17] [46m[PARTY][0m Byron: stuck in a time rift
[20:17] [46m[PARTY][0m Zorbaine: ceiling
[20:17] [46m[PARTY][0m Byron: there is an 'ancient mansion' and this mansion
[20:17] [46m[PARTY][0m Byron: that we're in
[20:17] [46m[PARTY][0m Zorbaine: ah
[20:18] [46m[PARTY][0m Zorbaine: ex sunset
[20:18] [46m[PARTY][0m Byron: So you start seeing weird stuff between them
[20:18] [46m[PARTY][0m Byron: That indicates that there's more than meets the eye
[20:19] [46m[PARTY][0m Byron: examine  mobs, people, yadda
[20:19] [46m[PARTY][0m Byron: there are 4 things
[20:19] [46m[PARTY][0m Byron: it's a small area
[20:19] [46m[PARTY][0m Byron: found 1 in that room
[20:19] [46m[PARTY][0m Byron: dunno if more
[20:20] [46m[PARTY][0m Zorbaine: need chair?
[20:20] [46m[PARTY][0m Zorbaine: to search chandelier
[20:20] [46m[PARTY][0m Byron: you flying now
[20:20] [46m[PARTY][0m Byron: i think carpet in one of these rooms
[20:20] [35;1mNix tells you (Zorbaine,Byron):[0m i have 10 bones lets do this
[20:20] [46m[PARTY][0m Byron: ok
[20:21] [46m[PARTY][0m Byron: look around, or ld
[20:21] [46m[PARTY][0m Byron: whatever
[20:21] [46m[PARTY][0m Zorbaine: k
[20:21] [46m[PARTY][0m Byron: gonna solve this w/ nix
[20:21] [46m[PARTY][0m Zorbaine: gluck
[20:22] [44m[Clan] Archangel :[0m Is it the ring or the girdle that's temporary?
[20:23] [44m[Clan] Zorbaine :[0m wasp said ring is perm
[20:23] [44m[Clan] Archangel :[0m Ahh
[20:24] [46m[PARTY][0m Byron: bones
[20:24] [46m[PARTY][0m Zorbaine: event?
[20:24] [46m[PARTY][0m Zorbaine: have reset dungeon
[20:25] [46m[PARTY][0m Zorbaine: metal sheet in eastern room, need something to open it
[20:25] [46m[PARTY][0m Byron: ya
[20:25] [46m[PARTY][0m Zorbaine: k
[20:25] [46m[PARTY][0m Byron: go to jorbin
[20:25] [46m[PARTY][0m Byron: buy a termite box
[20:25] [46m[PARTY][0m Byron: plant box
[20:25] [46m[PARTY][0m Byron: its alchemy
[20:25] [46m[PARTY][0m Zorbaine: alright
[20:25] [46m[PARTY][0m Byron: in the ancient mansion
[20:26] [46m[PARTY][0m Byron: enter foliage
[20:26] [44m[Clan] Archangel :[0m Event portal: road portal/5e/2n poisonous
[20:26] [37;1mArchangel flaps :[0m Event portal: road portal/5e/2n poisonous
[20:28] [46m[PARTY][0m Zorbaine: i gotta get to bed, ttyt, thanks b, gluck
[20:28] [44m[Clan] Zorbaine :[0m night
[20:28] [46m[PARTY][0m Byron: later
[20:28] [46m[PARTY][0m Nix: nog
[20:28] [34mFrom afar, Archangel tucks you into bed.[0m
[20:28] [34mFrom afar, you wave in Archangel's direction.[0m
[20:28] [34mFrom afar, Xaryl waves in your direction.[0m
[20:29] [46m[PARTY][0m Byron: lets kill dotar again
[20:30] [46m[PARTY][0m Byron: killing cubes again
[20:30] [46m[PARTY][0m Byron: to open
[20:30] [46m[PARTY][0m Nix: why did you lose me
[20:30] [46m[PARTY][0m Byron: dunno. thought you were w/ baby
[20:30] [46m[PARTY][0m Nix: i just put her down
[20:32] [34mFrom afar, you wave in Xaryl's direction.[0m
