[10:55] [44m[Clan] Zorbaine :[0m oh nice might catch reboot
[10:55] [44m[Clan] Zorbaine :[0m heyos!
[10:58] [44m[Clan] Zorbaine :[0m nothing like sleeping on the ground and tending to campfire all night... but landing in a nice airbnb bath today :)
[10:58] [44m[Clan] Zorbaine :[0m so sore
[11:03] [36mGargoyle <cgame>:[0m Yik has joined the game.
[11:03] [44m[Clan] Yik :[0m nothin a good dagger in the spleen wont fix
[11:04] [34mFrom afar, Yik giggles at you.[0m
[11:11] [34mFrom afar, you grin at Yik.[0m
[11:11] [36mGargoyle <cgame>:[0m Zorbaine has joined the game.
[11:11] [36mTuba <cgame>:[0m one more victim! i mean villager!
[11:24] [36mCrolack <cgame>:[0m Omigosh we're all gonna idle!
[11:25] [36mYik <cgame>:[0m idling prevents viral transmission
[11:29] [37;1mYik flaps :[0m wtb shield, but i needs it on the ground please! and ill pay you in covfefe ointment
[11:31] [36mTuba <cgame>:[0m Omigosh we're all gonna die!
[11:31] [36mYik <cgame>:[0m not unless you get my covfefe ointment
[11:32] [36mYik <cgame>:[0m or wait, not not
[11:32] [36mYik <cgame>:[0m hard to say
[11:40] [33;1m(Knight 54) Asher:[0m joust anyone?
[11:41] [33;1m(Vindicator 188) Zorbaine:[0m sure
[11:42] [35;1mYou tell Asher:[0m lmk
[11:46] [35;1mYou tell Ipsie:[0m hows your barding?
[11:46] [35;1mYou tell Ipsie:[0m was debating bard, fremen, or cyborg for new char
[11:47] [35;1mIpsie tells you:[0m bards r bs
[11:47] [35;1mIpsie tells you:[0m cyborg sound prtetty solid
[11:48] [33m[Auction] Robert :[0m Up for bids: Average essence of rejuvenation, Average fragment of blasting, Superior fragment of willy, Average fragment of soul, Average fragment of shadow and Average fragment
[11:48]                    of rage.
[11:49] [33m[Auction] Irwin (prie) :[0m oops too many 0's
[11:50] [33m[Auction] Robert :[0m Up for bids: Average essence of rejuvenation, Average fragment of rage, Average fragment of shadow, Average fragment of soul, Superior fragment of willy and Average fragment of
[11:50]                    blasting.
[11:50] [33m[Auction] Robert :[0m Sold to Drax for 400 coins!
[11:53] [35;1mYou tell Ipsie:[0m nod, i'm not gonna start a new character, was just debating, haha
[11:53] [35;1mYou tell Ipsie:[0m or maybe i already did.........
[11:53] [37;1mAdalius flaps :[0m Day 1 of work from home: 1 phone call. 0 emails. This is going to be fun.
[11:53] [37;1mKitt flaps :[0m Nice
[11:53] [37;1mKitt flaps :[0m i.bet its relaxing
[11:54] [37;1mBabylon flaps :[0m Working from home has its pros and cons for sure. I been remote 2.5 years now.
[11:54] [37;1mBabylon flaps :[0m but I'm an extrovert and it seriously messes with me month to month heh
[11:54] [37;1mBahram flaps :[0m at least I have most of my equipment set up so I can run it from home. No rest for grad students.
[11:55] [37;1mBabylon flaps :[0m lack of incidental human interaction impacts emotional recharging in extroverts :P tertiary office contact suddenly being gone is noticable heh
[11:55] [37;1mAdalius flaps :[0m I have nothing to do though. I'm bored with almost all my games. I can't go play with my new tractor since it rained like a banshee yesterday and everything is mud. Just blehhhhh.
[11:55] [37;1mZorbaine flaps :[0m same, been wfh on and off for ~5 years
[11:55] [34mFrom afar, Babylon nogs at you.[0m
[11:55] [37;1mZorbaine flaps :[0m you are honing farm skills?
[11:56] [37;1mBabylon flaps :[0m I have to specifically leave the house and go seek adult interaction at my regular bars and friends and stuff lol it's kinda ridiculous sometimes cuz I'm also a gamer and rather
[11:56]                 feed my adiction with that time ;)
[11:56] [37;1mKitt flaps :[0m make new areas we can bot. er play in
[11:57] [37;1mBabylon flaps :[0m Yeah, wfh is def a change in terms of being productive, distracted, bored, etc :D
[11:58] [37;1mAdalius flaps :[0m I used to do wfh 1 day a week, it was great. But right now my work load is non-existent so at least *at work* I could find something to do. At home, I can't find anything since I
[11:58]                 can't walk out in the warehouse or fabrication shop to find something that needs fixing or building.
[11:58] [35;1mIpsie tells you:[0m bards suck until glvl 70. then they just take off by 75.
[11:59] [34mFrom afar, you nod to Ipsie.[0m
[11:59] [37;1mAdalius flaps :[0m heck, been so bored with games lately I started learning greek online.
[12:02] [37;1mKitt flaps :[0m What can you make.in ypur shop Ada?
[12:02] [37;1mKitt flaps :[0m its like a metal shop?
[12:04] [37;1mAdalius flaps :[0m We have a full metal shop, yes.
[12:05] [37;1mAdalius flaps :[0m Lathes, mills, track burners, ironworker (punch/shear/notcher), grinders, saws, welders, brazers, etc.
[12:05] [36mGargoyle <cgame>:[0m Space has joined the game.
[12:05] [36mGargoyle <cgame>:[0m To has joined the game.
[12:05] [36mGargoyle <cgame>:[0m Asher has joined the game.
[12:05] [36mGargoyle <cgame>:[0m The game begins!
[12:05] [32mGargoyle whispers: [0mYou are an innocent.
[12:05] [36mGargoyle <cgame>:[0m An evil cult is hidden amongst the villagers of Lonely Rock.  The village is sleeping peacefully one night as the cult emerges....  It is now night time.  Role players, please
[12:05]                   enter your actions.
[12:05] [36mGargoyle <cgame>:[0m Livewire has been booted from the game by Crolack.
[12:05] [36mYik <cgame>:[0m Tuba?
[12:05] [36mTuba <cgame>:[0m shhhh: it is night
[12:05] [36mYik <cgame>:[0m beg
[12:06] [36mZorbaine <cgame>:[0m *cough*
[12:06] [36mTuba <cgame>:[0m stab me fi you want to win
[12:06] [36mYik <cgame>:[0m beg harder
[12:07] [36mGargoyle <cgame>:[0m Time's up!  The sun is rising.
[12:07] [36mGargoyle <cgame>:[0m No one was murdered by the cultists tonight.
[12:07] [36mGargoyle <cgame>:[0m Tuba, an innocent, has been slain by the vigilante!
[12:07] [36mGargoyle <cgame>:[0m It is now daytime.  It is time to convict someone.
[12:07] [36mVoodoo <cgame>:[0m NIGHT ONE FOO!
[12:08] [36mGargoyle <cgame>:[0m One more minute left to finish voting.  The villager with the most votes against in a minute will be convicted.  Ties will be broken randomly.
[12:08] [36mGargoyle <cgame>:[0m Yik votes to convict Asher.
[12:08] [36mYik <cgame>:[0m do you want to live?
[12:09] [32mGargoyle whispers: [0mTuba is not a resident of Lonely Rock.
[12:09] [36mGargoyle <cgame>:[0m Zorbaine votes to convict Voodoo.
[12:09] [36mGargoyle <cgame>:[0m Time's up!  The sun is setting.
[12:09] [36mGargoyle <cgame>:[0m The village mob grabs Voodoo and drags him to the headsman.  The terrible axe falls.  As Voodoo's headless body twitches, he is revealed to be an innocent!
[12:09] [36mGargoyle <cgame>:[0m It is now nighttime.  Role players, make your moves.
[12:09] [36mZorbaine <cgame>:[0m neckshot
[12:09] [36mYik <cgame>:[0m Asher, confess
[12:09] [34mFrom afar, Yik laffs at you![0m
[12:10] [36mYik <cgame>:[0m who is red? so i dont accidentally kill you
[12:11] [36mGargoyle <cgame>:[0m Time's up!  The sun is rising.
[12:11] [36mGargoyle <cgame>:[0m No one was murdered by the cultists tonight.
[12:11] [36mGargoyle <cgame>:[0m Asher, the jack of all trades, has been slain by the vigilante!
[12:11] [36mGargoyle <cgame>:[0m It is now daytime.  It is time to convict someone.
[12:11] [36mYik <cgame>:[0m ill take that as a confession
[12:11] [36mYik <cgame>:[0m next?
[12:11] [36mGargoyle <cgame>:[0m Yik votes to convict Space.
[12:11] [36mGargoyle <cgame>:[0m Zorbaine votes to convict Crolack.
[12:12] [36mGargoyle <cgame>:[0m One more minute left to finish voting.  The villager with the most votes against in a minute will be convicted.  Ties will be broken randomly.
[12:12] [36mYik <cgame>:[0m im not the vig this village needs, but the vig this village deserves
[12:13] [36mGargoyle <cgame>:[0m Time's up!  The sun is setting.
[12:13] [36mGargoyle <cgame>:[0m Crolack, you have been convicted of participation in a murderous evil cult.  May the gods have mercy on your soul.
[12:13] [36mGargoyle <cgame>:[0m Pitchforks waving, the angry mob rushes Crolack.  As blood oozes from his body, he is revealed to be an innocent!
[12:13] [36mGargoyle <cgame>:[0m It is now nighttime.  Role players, make your moves.
[12:13] [36mZorbaine <cgame>:[0m 💪
[12:13] [36mYik <cgame>:[0m Space? you red?
[12:15] [36mGargoyle <cgame>:[0m Time's up!  The sun is rising.
[12:15] [36mGargoyle <cgame>:[0m No one was murdered by the cultists tonight.
[12:15] [36mGargoyle <cgame>:[0m Space, a cultist, has been slain by the vigilante!
[12:15] [36mGargoyle <cgame>:[0m All the cultists are dead.  The village wins!
[12:15] [36mGargoyle <cgame>:[0m Zorbaine has joined the game.
[12:15] [36mGargoyle <cgame>:[0m Tuba has joined the game.
[12:15] [36mGargoyle <cgame>:[0m Crolack has joined the game.
[12:15] [36mGargoyle <cgame>:[0m Space has joined the game.
[12:15] [36mGargoyle <cgame>:[0m Yik has joined the game.
[12:15] [36mYik <cgame>:[0m aww
[12:15] [34mFrom afar, you think Yik is freaking BS.[0m
[12:15] [36mYik <cgame>:[0m worst revolt ever
[12:15] [36mTuba <cgame>:[0m never give yik the arrows
[12:16] [36mYik <cgame>:[0m the power went straight to my brain-slug
[12:20] [37;1mApocalypse flaps :[0m make guns, yeah lots and lots of guns
[12:20] [37;1mApocalypse flaps :[0m and bullets
[12:21] [37;1mApocalypse flaps :[0m guns need bullets
[12:21] [37;1mCrankshaft flaps :[0m well, most
[12:25] [37;1mCrolack flaps :[0m 80K
[12:26] [37;1mTurnhold flaps :[0m in a bit
[12:26] [36mGargoyle <cgame>:[0m Apocalypse has joined the game.
[12:26] [36mGargoyle <cgame>:[0m Voodoo has joined the game.
[12:26] [36mGargoyle <cgame>:[0m The game begins!
[12:26] [32mGargoyle whispers: [0mYou are an innocent.
[12:26] [36mGargoyle <cgame>:[0m An evil cult is hidden amongst the villagers of Akorr's Gardens.  The village is sleeping peacefully one night as the cult emerges....  It is now night time.  Role players,
[12:26]                   please enter your actions.
[12:27] [36mGargoyle <cgame>:[0m Yik has been booted from the game by Crolack.
[12:27] [44m[Clan] Zorbaine :[0m omg, gas station in vienna charged me $150... gotta take f'ing two subways and walk to go debate it, to germans, fml
[12:27] [44m[Clan] Zorbaine :[0m later
[12:28] [36mGargoyle <cgame>:[0m Time's up!  The sun is rising.
[12:28] [36mGargoyle <cgame>:[0m Voodoo, an innocent, vanished into the night!  There are signs of a struggle.  The cult has struck again.
[12:28] [36mGargoyle <cgame>:[0m It is now daytime.  It is time to convict someone.
[12:29] [36mGargoyle <cgame>:[0m Apocalypse votes to convict Crolack.
[12:29] [36mGargoyle <cgame>:[0m Crolack votes to convict Apocalypse.
[12:29] [36mApocalypse <cgame>:[0m die evil wiz!
[12:29] [36mCrolack <cgame>:[0m blue, like yer balls
[12:29] [36mGargoyle <cgame>:[0m One more minute left to finish voting.  The villager with the most votes against in a minute will be convicted.  Ties will be broken randomly.
[12:29] [36mApocalypse <cgame>:[0m how'd you know? damn gotta tell smurfette to change up her lipstick
[12:30] [36mGargoyle <cgame>:[0m Apocalypse has removed his vote for Crolack.
[12:30] [36mGargoyle <cgame>:[0m Apocalypse votes to convict Tuba.
[12:30] [36mGargoyle <cgame>:[0m Apocalypse has removed his vote for Tuba.
[12:30] [36mGargoyle <cgame>:[0m Apocalypse votes to convict Zorbaine.
[12:30] [36mGargoyle <cgame>:[0m Time's up!  The sun is setting.
[12:30] [36mGargoyle <cgame>:[0m Zorbaine, you have been convicted of participation in a murderous evil cult.  May the gods have mercy on your soul.
[12:30] [36mGargoyle <cgame>:[0m The village mob grabs Zorbaine and drags him to the headsman.  The terrible axe falls.  As Zorbaine's headless body twitches, he is revealed to be an innocent!
[12:30] [36mGargoyle <cgame>:[0m It is now nighttime.  Role players, make your moves.
[12:32] [36mGargoyle <cgame>:[0m Time's up!  The sun is rising.
[12:32] [36mGargoyle <cgame>:[0m No one was murdered by the cultists tonight.
[12:32] [36mGargoyle <cgame>:[0m It is now daytime.  It is time to convict someone.
[12:33] [36mGargoyle <cgame>:[0m Space has left the game.
[12:33] [36mGargoyle <cgame>:[0m One more minute left to finish voting.  The villager with the most votes against in a minute will be convicted.  Ties will be broken randomly.
[12:34] [36mGargoyle <cgame>:[0m Apocalypse votes to convict Tuba.
[12:34] [36mGargoyle <cgame>:[0m Apocalypse has removed his vote for Tuba.
[12:34] [36mGargoyle <cgame>:[0m Apocalypse votes to convict Crolack.
[12:34] [36mGargoyle <cgame>:[0m Crolack votes to convict Apocalypse.
[12:34] [36mGargoyle <cgame>:[0m Apocalypse has removed his vote for Crolack.
[12:34] [36mGargoyle <cgame>:[0m Apocalypse votes to convict Tuba.
[12:34] [36mGargoyle <cgame>:[0m Apocalypse has removed his vote for Tuba.
[12:34] [36mGargoyle <cgame>:[0m Apocalypse votes to convict Crolack.
[12:34] [36mGargoyle <cgame>:[0m Tuba votes to convict Crolack.
[12:34] [36mGargoyle <cgame>:[0m Crolack, you have been convicted of participation in a murderous evil cult.  May the gods have mercy on your soul.
[12:34] [36mGargoyle <cgame>:[0m Crolack is led to the scaffold... as his feet twitch and the breath is squeezed out of his body, he is revealed to be an innocent!
[12:34] [36mGargoyle <cgame>:[0m The cultists come out of hiding and murder everyone!  The cultists win the game.
[12:34] [36mGargoyle <cgame>:[0m Zorbaine has joined the game.
[12:34] [36mGargoyle <cgame>:[0m Crolack has joined the game.
[12:34] [36mGargoyle <cgame>:[0m Tuba has joined the game.
[12:34] [36mGargoyle <cgame>:[0m Apocalypse has joined the game.
[12:44] [36mGargoyle <cgame>:[0m Voodoo has joined the game.
[12:50] [44m[Clan] Nix :[0m New York ordered to "Pause" aka lockdown
[12:50] [44m[Clan] Nix :[0m I'm going to bet Jersey's governor announces a similar measure at 2pm
[12:55] [36mGargoyle <cgame>:[0m Apocalypse has left the game.
[12:58] [36mGargoyle <cgame>:[0m Squirrel has joined the game.
[13:03] [44m[Clan] Zorbaine :[0m gluck... still have work if that happens?
[13:04] [44m[Clan] Nix :[0m well no, i'd probably work from home
[13:04] [44m[Clan] Nix :[0m i just got an email from the local bar association that a local attorney testes positive for the virus.. they just shut the Court down completely
[13:04] [44m[Clan] Nix :[0m i don't think i've had contact with him in the past 3 weeks so i'm probably good i guess
[13:26] [36mGargoyle <cgame>:[0m Yik has joined the game.
[13:26] [36mYik <cgame>:[0m indigo-go-go
[13:40] [44m[Clan] Zorbaine :[0m im sure we are all getting it a little
[13:40] [44m[Clan] Zorbaine :[0m just like cancer!
[13:40] [34mFrom afar, Yik laffs at you![0m
[13:41] [35;1mYou tell Yik:[0m find mithril?
[13:41] [34mFrom afar, Yik nogs at you.[0m
[13:41] [34mFrom afar, you give a thumbs up to Yik.[0m
[13:41] [34mFrom afar, Yik thanks you.[0m
[13:41] [35;1mYik tells you:[0m big question is will it autoload!
[13:41] [35;1mYou tell Yik:[0m why would it?
[13:42] [34mFrom afar, Yik laffs at you![0m
[13:42] [35;1mYik tells you:[0m yea i figured it wouldnt, buuut pipe dreams
[13:42] [35;1mYou tell Yik:[0m lol
[13:42] [34mFrom afar, Yik goes "Heh heh heh" at you.[0m
[13:42] [35;1mYou tell Yik:[0m just get it agaim early...run to gold ingot, shrug
[13:51] [37;1mIrwin flaps :[0m anyone know how to get the tellhist to show tells sent and received?
[13:52] [37;1mZanadu flaps :[0m checkout setmod
[13:52] [37;1mZanadu flaps :[0m go up from cancer to learn more
[13:53] [37;1mTurnhold flaps :[0m setmod TELLSELF 1
[13:53] [37;1mIrwin flaps :[0m that's it, thanks
[13:53] [37;1mFrank flaps :[0m now how's he gonna learn if you just TELL him!
[13:53] [37;1mIrwin flaps :[0m by doing!
[13:55] [33;1m(Squire 44) Malarkey:[0m joust anyone?
[14:00] [33;1m(Knight 54) Asher:[0m still want to joust?
[14:02] [35;1mAsher tells you:[0m still up for a joust. sorry...got distracted....
[14:03] [35;1mAsher tells you:[0m been zoned out watching happy..
[14:05] [33;1m(Squire 44) Malarkey:[0m sure!
[14:05] [33;1m(Squire 44) Malarkey:[0m at room
[14:08] [33;1m(Knight 54) Asher:[0m omw
[14:10] [33;1m(Squire 44) Malarkey:[0m well met!
[14:38] [34mFrom afar, you stick your thumb up at Asher and say 'No problemo'.[0m
[14:39] [44m[Clan] Byron :[0m poor guy
[14:39] [44m[Clan] Zorbaine :[0m heh
[14:39] [37;1mAl flaps :[0m anybody buy computers refurbed through newegg?  how was that experience?  considering getting a gaming PC to act as a VM server and to pick up some basic machine learning
[14:39] [44m[Clan] Byron :[0m asked him how it made him feel
[14:39] [44m[Clan] Byron :[0m slurred sssiiicckkkkk
[14:39] [37;1mKitt flaps :[0m they back those puters
[14:40] [44m[Clan] Zorbaine :[0m did you tell him to get out of the bar and stop putting his faith in sports? ;)
[14:40] [44m[Clan] Byron :[0m were in the airport
[14:40] [44m[Clan] Zorbaine :[0m ah
[14:40] [44m[Clan] Byron :[0m so no better place than to cry into a glass
[14:40] [37;1mAl flaps :[0m nog
[14:43] [44m[Clan] Byron :[0m fuck i got lucky
[14:43] [44m[Clan] Byron :[0m us/mexico border shut down
[14:43] [44m[Clan] Nix :[0m yea essential travel only
[14:43] [44m[Clan] Nix :[0m i told you gtfo if you want to come home anytime soon
[14:44] [44m[Clan] Byron :[0m fat latina asses and cheap drugs are essentials
[14:47] [44m[Clan] Zorbaine :[0m damn, nice
[14:47] [44m[Clan] Dartholiver :[0m HC give all characters extra mskill pts?
[14:47] [44m[Clan] Byron :[0m no idea
[14:48] [44m[Clan] Byron :[0m aks on noob line
[14:48] [44m[Clan] Byron :[0m noob
[14:49] [44m[Clan] Byron :[0m nobody has taken the bar seat next to me. not sure if its the mustache or the this guy hasnt showered in 3 days look i got going
[14:51] [44m[Clan] Saim :[0m maybe its a pandemic
[14:52] [44m[Clan] Zorbaine :[0m heh, went to ask woman in supermarket if they have cream for coffee, she freaked out when i approached and told me to stand back
[14:52] [44m[Clan] Saim :[0m thats not cause of the pandemic, it was cause of the raging boner probably
[14:52] [44m[Clan] Zorbaine :[0m can imagine soon people will start equipping themselves with cattle prods... back!
[14:52] [44m[Clan] Zorbaine :[0m hah, didn't appeal to her then
[14:52] [44m[Clan] Saim :[0m women get SOOO offended
[14:53] [44m[Clan] Zorbaine :[0m the nerve! on that thing...
[14:54] [44m[Clan] Zorbaine :[0m whole big bottle of framboise only 2.50 euro here
[14:54] [44m[Clan] Saim :[0m my gf and i just shared one of those...they are amazing, but cant drink more than 1
[14:55] [44m[Clan] Zorbaine :[0m nod
[14:55] [44m[Clan] Zorbaine :[0m got the screwtop... ;p
[14:55] [44m[Clan] Saim :[0m its really good to mix into other wheat beers
[14:55] [44m[Clan] Dartholiver :[0m will you bring back a german wife for me?
[14:55] [44m[Clan] Dartholiver :[0m will you bring back a german wife for me?
[14:55] [44m[Clan] Dartholiver :[0m oops
[14:55] [44m[Clan] Saim :[0m 1 or 2?
[14:55] [44m[Clan] Dartholiver :[0m 1 :D
[14:55] [44m[Clan] Byron :[0m ill take a swiss girl
[14:55] [44m[Clan] Byron :[0m if were making requests
[14:56] [44m[Clan] Zorbaine :[0m sure... can try... will look for a pair... "listen.. i have this friend.. in a dungeon..."
[14:56] [44m[Clan] Byron :[0m sex dungeon
[14:56] [44m[Clan] Dartholiver :[0m oo lala
[14:56] [44m[Clan] Saim :[0m wb byron, we missed u
[14:56] [44m[Clan] Byron :[0m make sure they know ita not a creepy dungeon
[14:56] [44m[Clan] Byron :[0m missed you too bud
[14:57] [44m[Clan] Byron :[0m i might have to go looting after this 12$ airport beer
[14:57] [44m[Clan] Zorbaine :[0m sheesh
[14:58] [44m[Clan] Byron :[0m you can get a body dumped in the gulf for less
[14:58] [44m[Clan] Byron :[0m im gonna cry with this brady fan club pres
[14:58] [44m[Clan] Zorbaine :[0m i remember my first beer in Chelsea when I lived in nyc... $9 for a heineken
[15:00] [44m[Clan] Dartholiver :[0m so far state tax refund is $777 lol
[15:01] [44m[Clan] Dartholiver :[0m my lucky # '7'
[15:03] [44m[Clan] Byron :[0m home office deduction now too
[15:03] [44m[Clan] Byron :[0m ty corona
[15:03] [44m[Clan] Saim :[0m only from state
[15:04] [44m[Clan] Zorbaine :[0m fucking owe $5k
[15:04] [44m[Clan] Zorbaine :[0m might not come back to states, lol
[15:04] [44m[Clan] Saim :[0m sounds about right
[15:04] [44m[Clan] Saim :[0m they supposed to give us like 1.2k tho
[15:04] [44m[Clan] Saim :[0m solve all my life's problems
[15:04] [44m[Clan] Zorbaine :[0m byon yu really get a home office deduction? for some reason they said i wasn't eligible or some shit, hrblock online
[15:05] [44m[Clan] Zorbaine :[0m just cause i live where i work maybe
[15:05] [44m[Clan] Byron :[0m you gotta get creative zorbz
[15:05] [44m[Clan] Byron :[0m make the irs work a little
[15:06] [44m[Clan] Zorbaine :[0m maybe ill redo, sigh
[15:06] [44m[Clan] Zorbaine :[0m last year they hit me for $6.5k or so, im broke atm
[15:06] [44m[Clan] Byron :[0m dont forget the 3 kids and the charitable donations
[15:07] [35;1mYou tell Byron:[0m what other deductions do you do?
[15:07] [44m[Clan] Saim :[0m sounds like zorbaine needs to start donating to the Human Fund
[15:07] [44m[Clan] Byron :[0m audited you?
[15:07] [44m[Clan] Byron :[0m agreed saim
[15:08] [44m[Clan] Zorbaine :[0m what is human fund
[15:08] [35;1mByron tells you:[0m everything i can. books = education
[15:08] [44m[Clan] Saim :[0m if i owed money, id start to think of how to write off during the year
[15:08] [44m[Clan] Saim :[0m a bogus charity you can donate to
[15:08] [35;1mByron tells you:[0m ira contributions
[15:08] [35;1mByron tells you:[0m stock sales at end if yr if it makes sense
[15:08] [44m[Clan] Byron :[0m its a joke from seinfeld
[15:08] [44m[Clan] Zorbaine :[0m ah
[15:09] [35;1mYou tell Byron:[0m hmm ok, ill redo
[15:09] [34mFrom afar, you thank Byron.[0m
[15:09] [35;1mByron tells you:[0m was more joking, but you 100% have home office
[15:10] [35;1mYou tell Byron:[0m yeah but i live there and they wouldnt let me for some reason
[15:10] [35;1mYou tell Byron:[0m will see why again
[15:10] [35;1mByron tells you:[0m its a home, ofc you live there
[15:10] [35;1mByron tells you:[0m thats exactly why its called home office
[15:10] [35;1mYou tell Byron:[0m dude im fucking broke, got <$500 to my name... this fucking project... previous dude is supposed to refund client the $5k, and hopefully client will pay me some, but not sure when
[15:10]         that will happen
[15:10] [35;1mYou tell Byron:[0m hah yeah i forget why
[15:11] [35;1mByron tells you:[0m you need a certain % of the square footage to ve used for work purposes
[15:11] [35;1mByron tells you:[0m so just look that up
[15:11] [35;1mYou tell Byron:[0m k
[15:12] [35;1mByron tells you:[0m i hope they sort that out
[15:12] [35;1mByron tells you:[0m and you get paid, sucks man
[15:12] [35;1mYou tell Byron:[0m yeah well we're sorting it out, dude siad he'd refund money like two days ago, just hope it's soon
[15:13] [35;1mYou tell Byron:[0m and hope the client gives me some, he's a cool guy, client... told him im broke so hopefully.. otherwise whatever, ill either get mom to buy me ticket home or something, or find
[15:13]         some trashcans to busk drum on, lol
[15:19] [35;1mByron tells you:[0m im bummed youre over there when everything is probably closed
[15:19] [35;1mYou tell Byron:[0m yeah pretty much
[15:19] [35;1mYou tell Byron:[0m just fucking buying groceries and cooking and walking around
[15:19] [35;1mYou tell Byron:[0m feels stupid but i mostly did this to get away from family and philly shit
[15:19] [35;1mYou tell Byron:[0m and to be with girl, who kinda flaked, though not entirely her fault
[15:20] [35;1mYou tell Byron:[0m but relationship suffered as a result, painful, but supposed to make me stronger all this i guess
[15:20] [35;1mYou tell Byron:[0m just feeling a bit unstable with no work etc... got an offer to work like 80% remote but also some onsite back near philly 100-120k, tempting but i cant open the philly doors
[15:20]         again
[15:21] [35;1mYou tell Byron:[0m so i dunno, tbh i dont care, at this point in my life i almost welcome death, just trying to enjoy something new
[15:22] [35;1mYou tell Byron:[0m really just not sure if im supposed to go back to states, where all my stuff is, buy land, try to build something... or keep wandering, kinda losing motivation for personal
[15:22]         business ideas anymore, but meh, this project is interested in hiring me longer term, just not sure i want to keep on it
[15:22] [35;1mYou tell Byron:[0m but will take what i can get i guess
[15:23] [35;1mYou tell Byron:[0m and if yours is succesful you can hire me ;)
[15:25] [35;1mByron tells you:[0m hope I can
[15:25] [34mFrom afar, you wish Byron good luck.[0m
[15:25] [37;1mAdalius flaps :[0m Made a small change to some specific mobs in The Land 1.0. Feel free to let me know if you notice anything acting odd.
[15:25] [35;1mByron tells you:[0m If you try to make the best decision with your available options, it tends to work out eventually
[15:26] [35;1mByron tells you:[0m At least when your wandering aimlessly like I have
[15:26] [37;1mIron flaps :[0m People still go to Land 1.0?
[15:26] [37;1mKenny flaps :[0m thanks
[15:26] [37;1mAdalius flaps :[0m Smaller people, yes. Changes will hit 2.0 soon.
[15:26] [37;1mBurnaby flaps :[0m Woot. thanks
[15:26] [37;1mByron flaps :[0m if nauda smite?
[15:26] [37;1mAdalius flaps :[0m Don't thank me, you have no idea what changed yet :P
[15:26] [37;1mKenny flaps :[0m i love land
[15:27] [37;1mAdalius flaps :[0m Maybe I made kresh packs hunt Burnaby anywhere in the mud even if someone else is the one starting the fight
[15:27] [35;1mYou tell Byron:[0m well taking cheapest outes now, 10 euro flight to warsaw in 10 days... found a nice airbnb here in vienna for 11 euro a night til then
[15:28] [37;1mNauda flaps :[0m byron loves me, I am happy
[15:28] [37;1mKenny flaps :[0m at this point i am sorta numb to everything so any new content is good nomatter what
[15:33] [33;1m(Vindicator 192) Wiener:[0m Anyone want some donation corpses before the cutoff?
[15:37] [33;1m(Squire 44) Malarkey:[0m :)
[15:38] [33;1m(Squire 44) Malarkey:[0m odd, acost all said it would cost me about 1K to repair 3 things.  arepair all repaired everything for 4800 coins instead
[15:39] [33;1m(Squire 44) Malarkey:[0m is that a known gbug?
[15:39] [33;1m(Squire 44) Malarkey:[0m either acost all is lying or arepair is too aggressive...
[15:40] [33;1m(Vindicator 192) Wiener:[0m I saw those messages, it looked like it only checked a couple pieces for the cost eval and did everything when you actually repaired
[15:40] [33;1m(Vindicator 192) Wiener:[0m all vs worn perhaps?
[15:41] [36mTuba <cgame>:[0m Omigosh we're all gonna die!
[15:42] [36mTuba <cgame>:[0m thinking of making a new HC char named coronavirus
[15:42] [36mYik <cgame>:[0m do it!
[15:43] [36mYik <cgame>:[0m and make it pk
[15:43] [36mGargoyle <cgame>:[0m Byron has joined the game.
[15:43] [36mGargoyle <cgame>:[0m The game begins!
[15:43] [32mGargoyle whispers: [0mYou are an innocent.
[15:43] [36mGargoyle <cgame>:[0m An evil cult is hidden amongst the villagers of Indigo.  The village is sleeping peacefully one night as the cult emerges....  It is now night time.  Role players, please enter
[15:43]                   your actions.
[15:44] [36mCrolack <cgame>:[0m  *****   **  **  ******  ******   ****  
[15:44]                   **  **  **  **    **      **    **     
[15:44]                   **  **  **  **    **      **    ***    
[15:44]                   *****   **  **    **      **      ***  
[15:44]                   **  **  **  **    **      **        ** 
[15:44]                   **  **  **  **    **      **       *** 
[15:44]                   *****    ****     **      **    ****   
[15:45] [36mGargoyle <cgame>:[0m Time's up!  The sun is rising.
[15:45] [36mGargoyle <cgame>:[0m Yik, the seer, vanished into the night!  There are signs of a struggle.  The cult has struck again.
[15:45] [36mGargoyle <cgame>:[0m Squirrel, the angel, has been slain by the jack of all trades!
[15:45] [36mGargoyle <cgame>:[0m It is now daytime.  It is time to convict someone.
[15:46] [36mYik <cgame>:[0m death to greeenurgles
[15:46] [36mSquirrel <cgame>:[0m oh bother
[15:46] [36mGargoyle <cgame>:[0m Byron votes to convict Crolack.
[15:46] [36mGargoyle <cgame>:[0m One more minute left to finish voting.  The villager with the most votes against in a minute will be convicted.  Ties will be broken randomly.
[15:46] [36mByron <cgame>:[0m crack kills
[15:46] [34mFrom afar, you laugh at Byron.[0m
[15:47] [36mGargoyle <cgame>:[0m Time's up!  The sun is setting.
[15:47] [36mGargoyle <cgame>:[0m Crolack, you have been convicted of participation in a murderous evil cult.  May the gods have mercy on your soul.
[15:47] [36mGargoyle <cgame>:[0m The village mob seizes Crolack and hurls him off a cliff.  As his broken body becomes still at the bottom, he is revealed to be an innocent!
[15:47] [36mGargoyle <cgame>:[0m It is now nighttime.  Role players, make your moves.
[15:49] [36mGargoyle <cgame>:[0m Time's up!  The sun is rising.
[15:49] [36mGargoyle <cgame>:[0m No one was murdered by the cultists tonight.
[15:49] [36mGargoyle <cgame>:[0m It is now daytime.  It is time to convict someone.
[15:50] [36mGargoyle <cgame>:[0m One more minute left to finish voting.  The villager with the most votes against in a minute will be convicted.  Ties will be broken randomly.
[15:51] [36mGargoyle <cgame>:[0m Time's up!  The sun is setting.
[15:51] [36mGargoyle <cgame>:[0m Voodoo, you have been convicted of participation in a murderous evil cult.  May the gods have mercy on your soul.
[15:51] [36mGargoyle <cgame>:[0m Voodoo is led to the scaffold... as his feet twitch and the breath is squeezed out of his body, he is revealed to be an innocent!
[15:51] [36mGargoyle <cgame>:[0m It is now nighttime.  Role players, make your moves.
[15:53] [36mGargoyle <cgame>:[0m Zorbaine, an innocent, is found dead, horribly bloated from a deadly cultist poison!
[15:53] [36mGargoyle <cgame>:[0m The cultists come out of hiding and murder everyone!  The cultists win the game.
[15:53] [36mGargoyle <cgame>:[0m Zorbaine has joined the game.
[15:53] [36mGargoyle <cgame>:[0m Crolack has joined the game.
[15:53] [34mFrom afar, Byron goes Hmmmmm at you.[0m
[15:53] [36mGargoyle <cgame>:[0m Yik has joined the game.
[15:53] [36mByron <cgame>:[0m i blame zorb
[15:53] [36mYik <cgame>:[0m clearly Crolacks fault
[15:53] [36mByron <cgame>:[0m i never said he was solely at fault
[15:53] [36mYik <cgame>:[0m lafff
[15:53] [36mGargoyle <cgame>:[0m Tuba has joined the game.
[15:53] [36mGargoyle <cgame>:[0m Byron has joined the game.
[15:53] [36mByron <cgame>:[0m wellllll done tubs
[15:54] [36mByron <cgame>:[0m framing that cowardly wizard
[15:57] [44m[Clan] Zorbaine :[0m guess they don't do special boots anymore huh? like anarchies etc
[15:57] [44m[Clan] Nix :[0m they were dumb
[15:57] [44m[Clan] Nix :[0m waste of an hour
[15:57] [44m[Clan] Zorbaine :[0m they should get clan wars going again now that guilds are kinda being balanced/
[15:57] [44m[Clan] Zorbaine :[0m /
[15:57] [44m[Clan] Zorbaine :[0m ?
[15:57] [44m[Clan] Zorbaine :[0m shrug, guess so
[15:58] [44m[Clan] Nix :[0m if every guild has a fighting chance good stuff im all for it
[15:58] [44m[Clan] Nix :[0m but i personally hated them
[15:58] [44m[Clan] Xaryl :[0m I always hated End of Boot stuff
[15:58] [44m[Clan] Xaryl :[0m always just stayed in AByss GXPing
[15:58] [44m[Clan] Zorbaine :[0m nod... well... is cworld actually closed? I mean we can still war, no?
[15:59] [44m[Clan] Byron :[0m you cant war
[15:59] [44m[Clan] Zorbaine :[0m nog
[15:59] [35;1mYou tell Byron:[0m xp me, i'll get you back on toren
[15:59] [44m[Clan] Byron :[0m pk isnt/will never be a thing cause of gow insane balancing it would be
[15:59] [35;1mYou tell Byron:[0m need 10bil tnl
[15:59] [35;1mByron tells you:[0m alrighty
[16:02] [34mFrom afar, you pat Byron on the head.[0m
[16:04] [44m[Clan] Zorbaine :[0m fix
[16:04] [44m[Clan] Zorbaine :[0m oops
[16:06] [44m[Clan] Zorbaine :[0m gs
[16:06] [44m[Clan] Zorbaine :[0m really good at that
[16:08] [33m[Auction] Squirrel (prie) :[0m donates
[16:08] [33m[Auction] Robert :[0m Up for bids: Aura of Heavenly Protection {shimmering} (gemchanted with superior major smarts), A purple bead necklace {armoured} (gemchanted with superior major smarts), The
[16:08]                    Glass Boots (gemchanted with superior major insight), Malachite Ring of Enhanced Protection, Jasper Ring of Enhanced Protection, The Glass Ring (gemchanted with good major
[16:08]                    jackal), Death's Freezer (0 corpses), Demon Spider Carapace (foil wrapped), Adamantium armour (brightly glowing) (sour cream smeared), The mask of Gemino Mortis and Redaxe
[16:08]                    (tempered) (enchanted).
[16:09] [33m[Auction] Al (chan) :[0m <60mins
[16:09] [33m[Auction] Zorbaine (knig) :[0m out
[16:09] [33m[Auction] Robert :[0m Sold to Hideo for 1,000 coins!
[16:09] [44m[Clan] Xaryl :[0m we need to find a jump point close to Eforest portal so archi can get to Xeno key 1st!
[16:11] [44m[Clan] Zorbaine :[0m https://www.youtube.com/watch?v=ZAn3JdtSrnY
[16:12] [44m[Clan] Byron :[0m portal eforest :P
[16:12] [44m[Clan] Xaryl :[0m if I could make him get HM!!
[16:12] [44m[Clan] Zorbaine :[0m laf
[16:13] [44m[Clan] Zorbaine :[0m me too!
[16:20] [44m[Clan] Byron :[0m grognard that shit
[16:21] [44m[Clan] Byron :[0m i solved evil god for you
[16:21] [44m[Clan] Byron :[0m errr artifact
[16:21] [44m[Clan] Zorbaine :[0m did you? you just solved it, i didn't do anything or get points? lol
[16:22] [36mGargoyle <cgame>:[0m Squirrel has joined the game.
[16:22] [36mGargoyle <cgame>:[0m Voodoo has joined the game.
[16:22] [44m[Clan] Zorbaine :[0m i'll get around to requesting soon probably, wanted to start a new char kinda, meh
[16:22] [36mGargoyle <cgame>:[0m The game begins!
[16:22] [32mGargoyle whispers: [0mYou are the vigilante.
[16:22] [36mGargoyle <cgame>:[0m An evil cult is hidden amongst the villagers of Hazy Bog.  The village is sleeping peacefully one night as the cult emerges....  It is now night time.  Role players, please enter
[16:22]                   your actions.
[16:22] [36mVoodoo <cgame>:[0m die foo!
[16:22] [36mSquirrel <cgame>:[0m Aa innocent
[16:23] [32mGargoyle whispers: [0mYou do not have the power to consult the gods.
[16:24] [44m[Clan] Zorbaine :[0m anyone here playing the new EA game Anthem?
[16:24] [36mGargoyle <cgame>:[0m Time's up!  The sun is rising.
[16:24] [36mGargoyle <cgame>:[0m Tuba, an innocent, has been murdered by the cult!
[16:24] [36mGargoyle <cgame>:[0m It is now daytime.  It is time to convict someone.
[16:25] [36mGargoyle <cgame>:[0m One more minute left to finish voting.  The villager with the most votes against in a minute will be convicted.  Ties will be broken randomly.
[16:26] [36mGargoyle <cgame>:[0m Time's up!  The sun is setting.
[16:26] [36mGargoyle <cgame>:[0m Yik, you have been convicted of participation in a murderous evil cult.  May the gods have mercy on your soul.
[16:26] [36mGargoyle <cgame>:[0m The angry, vengeful villagers rush Yik and knock him over.  Jumping and stamping, they trample the life from his body.  As his breath ceases, Yik is revealed to be a cultist!
[16:26] [36mGargoyle <cgame>:[0m All the cultists are dead.  The village wins!
[16:26] [36mGargoyle <cgame>:[0m Zorbaine has joined the game.
[16:26] [36mGargoyle <cgame>:[0m Tuba has joined the game.
[16:26] [36mGargoyle <cgame>:[0m Crolack has joined the game.
[16:26] [36mGargoyle <cgame>:[0m Voodoo has joined the game.
[16:27] [36mGargoyle <cgame>:[0m Yik has joined the game.
[16:27] [35;1mYou tell Byron:[0m but man, can't beat < $400/mo rent here at this airbnb in vienna, compared to the $1300/mo i was paying in philly with crackheads outside
[16:27] [36mGargoyle <cgame>:[0m Apocalypse has joined the game.
[16:28] [36mZorbaine <cgame>:[0m Gargoyle knows
[16:28] [36mGargoyle <cgame>:[0m Squirrel has joined the game.
[16:29] [36mGargoyle <cgame>:[0m The game begins!
[16:29] [32mGargoyle whispers: [0mYou are an innocent.
[16:29] [36mGargoyle <cgame>:[0m An evil cult is hidden amongst the villagers of Akorr's Gardens.  The village is sleeping peacefully one night as the cult emerges....  It is now night time.  Role players,
[16:29]                   please enter your actions.
[16:29] [36mTuba <cgame>:[0m it's yik
[16:29] [36mGargoyle <cgame>:[0m Tuba, an innocent, is found strangled!
[16:29] [36mGargoyle <cgame>:[0m It is now daytime.  It is time to convict someone.
[16:29] [36mSquirrel <cgame>:[0m voodoo is culty
[16:30] [36mGargoyle <cgame>:[0m Squirrel votes to convict Voodoo.
[16:30] [36mSquirrel <cgame>:[0m if there is a vig target voodoo
[16:30] [36mGargoyle <cgame>:[0m One more minute left to finish voting.  The villager with the most votes against in a minute will be convicted.  Ties will be broken randomly.
[16:30] [36mGargoyle <cgame>:[0m Yik votes to convict Apocalypse.
[16:30] [36mVoodoo <cgame>:[0m i did it
[16:31] [44m[Clan] Saim :[0m its not new, and no ones playing it
[16:31] [36mGargoyle <cgame>:[0m Apocalypse votes to convict Voodoo.
[16:31] [36mGargoyle <cgame>:[0m Time's up!  The sun is setting.
[16:31] [36mGargoyle <cgame>:[0m Voodoo, you have been convicted of participation in a murderous evil cult.  May the gods have mercy on your soul.
[16:31] [36mGargoyle <cgame>:[0m The angry village ties Voodoo to a stake and lights a fire beneath.  As his agonized death screams echo through the village, he is revealed to be a cultist!
[16:31] [36mGargoyle <cgame>:[0m All the cultists are dead.  The village wins!
[16:31] [44m[Clan] Saim :[0m hehe
[16:31] [36mGargoyle <cgame>:[0m Zorbaine has joined the game.
[16:31] [36mGargoyle <cgame>:[0m Tuba has joined the game.
[16:31] [36mGargoyle <cgame>:[0m Crolack has joined the game.
[16:31] [44m[Clan] Zorbaine :[0m oh? well then
[16:31] [44m[Clan] Zorbaine :[0m friend just told me about it, made it sound new
[16:31] [44m[Clan] Saim :[0m just what i read online
[16:31] [36mGargoyle <cgame>:[0m Apocalypse has joined the game.
[16:31] [44m[Clan] Saim :[0m supposedly bombed
[16:31] [36mGargoyle <cgame>:[0m Yik has joined the game.
[16:32] [44m[Clan] Zorbaine :[0m yeah heard it wasn't a success, but he says nonetheless it's neat and fun, shrug
[16:32] [44m[Clan] Yik :[0m i think theyre redoin it
[16:32] [44m[Clan] Saim :[0m i remember seeing a lot of posts about it, and then nothing for the last year or so
[16:32] [44m[Clan] Saim :[0m most posts were how it was screwed up
[16:32] [44m[Clan] Saim :[0m patch it to hell, its doable...no mans sky did it
[16:33] [36mGargoyle <cgame>:[0m Squirrel has joined the game.
[16:33] [44m[Clan] Saim :[0m no mans sky is pretty awesome
[16:33] [35;1mTurnhold tells you:[0m did you know that the word gullible isn't in the
[16:33]         dictionary?                                                            
[16:34] [44m[Clan] Zorbaine :[0m yeah saw/heard about that a while ago.. you play?
[16:34] [44m[Clan] Byron :[0m also, just finished dune messiah saim
[16:34] [44m[Clan] Byron :[0m fucking awesome
[16:34] [44m[Clan] Saim :[0m ooo nice, byron - i just finished god emperor
[16:34] [44m[Clan] Byron :[0m started children of doom for next flight
[16:34] [44m[Clan] Byron :[0m laf dune
[16:35] [44m[Clan] Saim :[0m god emperor might be my fav book of all time
[16:35] [44m[Clan] Nix :[0m gotta have something to read when your in that CDC cage for 14 days byron
[16:35] [44m[Clan] Saim :[0m @zorb i do play
[16:35] [44m[Clan] Saim :[0m amazing game
[16:35] [44m[Clan] Byron :[0m they let me in
[16:35] [44m[Clan] Byron :[0m CORONA IN THE HIZZY
[16:35] [44m[Clan] Yik :[0m whoop woop
[16:36] [44m[Clan] Saim :[0m you can clearly see in children of dune when he gets the idea for a much bigger and better story
[16:37] [35;1mYou tell Adalius:[0m could I ask... you actually balancing fremen well and good? considering a second there...
[16:37] [34mFrom afar, you go 'Woo Woo!' at Slacker.[0m
[16:39] [44m[Clan] Byron :[0m i really like Hayt
[16:39] [44m[Clan] Byron :[0m such a cool character
[16:39] [44m[Clan] Saim :[0m hayt the ghola
[16:39] [44m[Clan] Byron :[0m ya
[16:39] [44m[Clan] Saim :[0m hell yea, good thing you like him
[16:39] [44m[Clan] Byron :[0m laf
[16:40] [44m[Clan] Saim :[0m god emperor is the only one you need to re-read 6 times
[16:40] [44m[Clan] Byron :[0m is that the final book?
[16:40] [44m[Clan] Saim :[0m no its book 4
[16:40] [44m[Clan] Byron :[0m ah
[16:40] [44m[Clan] Byron :[0m next in line
[16:41] [44m[Clan] Xaryl :[0m I think chapterhouse dune was my fav
[16:41] [44m[Clan] Saim :[0m the last 3 are my fav too
[16:41] [44m[Clan] Byron :[0m how many books are there?
[16:41] [44m[Clan] Saim :[0m 6
[16:41] [44m[Clan] Xaryl :[0m 7? 8?
[16:41] [44m[Clan] Xaryl :[0m 6!
[16:41] [44m[Clan] Byron :[0m 9?
[16:41] [44m[Clan] Byron :[0m 10!
[16:41] [44m[Clan] Saim :[0m first 3 are a set/story and the last 3 are something different
[16:41] [44m[Clan] Saim :[0m just 6
[16:42] [44m[Clan] Byron :[0m xaryl was counting your erotic fan fiction
[16:42] [44m[Clan] Xaryl :[0m laugh
[16:42] [44m[Clan] Saim :[0m as he should
[16:42] [44m[Clan] Saim :[0m its good shit
[16:42] [44m[Clan] Saim :[0m Moan a Deep
[16:42] [44m[Clan] Xaryl :[0m I think the story of how the siterhood started was amazing
[16:43] [44m[Clan] Saim :[0m the whole last 3 books are fucking works of art imo
[16:43] [44m[Clan] Saim :[0m and the first 3 are really good too
[16:43] [44m[Clan] Xaryl :[0m nod, the 1st 2 are pretty crappy
[16:43] [44m[Clan] Byron :[0m ive really enjoyed them so far
[16:43] [44m[Clan] Xaryl :[0m compared
[16:43] [44m[Clan] Saim :[0m they are good, but just not by comparison
[16:43] [44m[Clan] Saim :[0m they seem small
[16:44] [44m[Clan] Saim :[0m god emperor is written like a classic novel
[16:45] [44m[Clan] Saim :[0m some of those sentences or fake quote from characters, or fake historical references he writes are mindboggling to me
[16:45] [44m[Clan] Saim :[0m such good writing
[16:46] [44m[Clan] Saim :[0m he writes all these quotes from characters that dont exist - and theyre badass quotes
[16:49] [35;1mKirwan tells you:[0m joust before boot maybe?
[16:49] [44m[Clan] Byron :[0m agreed saim
[16:50] [44m[Clan] Byron :[0m those little quotes that begin each chapter are awesome
[16:50] [44m[Clan] Saim :[0m just go try and write 1 quote
[16:50] [34mFrom afar, you salute Kirwan.[0m
[16:50] [34mFrom afar, Kirwan salutes you.[0m
[16:50] [44m[Clan] Saim :[0m he is an amazing writer
[16:50] [44m[Clan] Zorbaine :[0m frank... guy?
[16:51] [44m[Clan] Saim :[0m frank herbs yea
[16:51] [34mFrom afar, you go 'Woo Woo!' at Kirwan.[0m
[16:54] [44m[Clan] Byron :[0m laf i have 3 coons skuggled
[16:54] [44m[Clan] Byron :[0m smuggled
[16:54] [44m[Clan] Yik :[0m makin a hatchery?
[16:55] [44m[Clan] Byron :[0m shhhhh
[16:55] [44m[Clan] Zorbaine :[0m dungeon keeper anyone? lol
[16:56] [44m[Clan] Zorbaine :[0m anyone ever play? DK 2 was the shit
[16:58] [32mGabriella tells you: [0mHere's the usual!
[16:58] [32mGabriella tells you: [0mPleasure doing business with you.
[16:58] [32mKlvorn tells you: [0mHere's the usual!
[16:58] [32mKlvorn tells you: [0mPleasure doing business with you.
[16:58] [32mKlvorn tells you: [0mPleasure doing business with you.
[16:58] [32mKlvorn tells you: [0mPleasure doing business with you.
[16:58] [32mKlvorn tells you: [0mPleasure doing business with you.
[16:58] [32mKlvorn tells you: [0mPleasure doing business with you.
[16:58] [32mKlvorn tells you: [0mPleasure doing business with you.
[16:58] [44m[Clan] Xaryl :[0m so much lag
[16:58] [32mAvrin tells you: [0mPleasure doing business with you.
[16:59] [44m[Clan] Nik :[0m mmm, smeat
[16:59] [44m[Clan] Zorbaine :[0m dont choke
[17:00] [35;1mTrout tells you:[0m no lantern :(
[17:00] [34mFrom afar, you scream Doooohhhhhhhh!!! at Trout.[0m
[17:01] [34mFrom afar, you go 'Woo Woo!' at A ghostly form of Nix.[0m
[17:01] [44m[Clan] Byron :[0m laf
[17:01] [44m[Clan] Byron :[0m getting on it
[17:01] [44m[Clan] Byron :[0m im grabbing pb then will go
[17:01] [44m[Clan] Nix :[0m don't really need muhc else
[17:02] [44m[Clan] Zorbaine :[0m fack got lost in science
[17:02] [44m[Clan] Zorbaine :[0m pro
[17:02] [44m[Clan] Byron :[0m nod, same
[17:02] [35;1mYou tell Nik:[0m can you port?
[17:02] [34mFrom afar, Nik nods to you.[0m
[17:03] [34mFrom afar, Nik milks you.[0m
[17:03] [34mFrom afar, you nod to Nik.[0m
[17:03] [34mFrom afar, you hug Nik.[0m
[17:03] [44m[Clan] Byron :[0m damn dupe is down
[17:03] [34mFrom afar, Nik bows before you with a flourish.[0m
[17:03] [44m[Clan] Archimedes :[0m Doh!
[17:05] [44m[Clan] Yik :[0m sweet, rloft shield does autoload <60
[17:05] [44m[Clan] Byron :[0m mithril?
[17:05] [44m[Clan] Zorbaine :[0m whaaa?
[17:05] [44m[Clan] Yik :[0m ayee
[17:06] [44m[Clan] Zorbaine :[0m how does it autload? you tag it? or naturally?
[17:06] [44m[Clan] Yik :[0m if youre lvl 60 or below n pick it up from the ground - or get it from the blacksmith too i spose - it autoloads
[17:06] [44m[Clan] Zorbaine :[0m ahh
[17:09] [33m[Auction] Robert :[0m Up for bids: The Blade of Ghoti (ensharpened).
[17:09] [44m[Clan] Nix :[0m what are dirs to undead keep byron?
[17:09] [44m[Clan] Byron :[0m ...uk?
[17:09] [44m[Clan] Byron :[0m like 4e:n
[17:09] [44m[Clan] Nix :[0m yeah to the keep i can't remember
[17:09] [44m[Clan] Byron :[0m from road portal
[17:10] [44m[Clan] Archimedes :[0m road portal/5e/n/enter
[17:10] [33m[Auction] Robert :[0m Sold to Law for 1,000 coins!
[17:10] [44m[Clan] Xaryl :[0m stupid huntress not loading
[17:10] [44m[Clan] Byron :[0m i can slide
[17:11] [34mFrom afar, Barian bows before you.[0m
[17:11] [44m[Clan] Xaryl :[0m that would rock
[17:11] [44m[Clan] Byron :[0m brt
[17:11] [44m[Clan] Xaryl :[0m 3x refreshes already
[17:11] [44m[Clan] Archimedes :[0m and a trout slide :(
[17:14] [37;1mInquisitor flaps :[0m If however you experience the inability to cause your lungs to swell...  Go see the doc.
[17:14] [44m[Clan] Xaryl :[0m this is insane!
[17:15] [37;1mInix flaps :[0m I think if I experience that, I won't be able to go anywhere
[17:15] [37;1mYik flaps :[0m not with that attitude
[17:15] [44m[Clan] Martyr :[0m brb w byron
[17:15] [37;1mBarian flaps :[0m hahaha people are calling 911 for toilet paper and hand sanitizer
[17:15] [37;1mBarian flaps :[0m omg hahaha
[17:16] [37;1mYik flaps :[0m wow, really?
[17:16] [37;1mYik flaps :[0m the end is nigh!
[17:16] [37;1mXiu flaps :[0m hmm, TP and hand sanitizer... well if you're lacking the first one you end up _really_ needing the 2nd.
[17:17] [37;1mNauda flaps :[0m learn the art of waterbending
[17:17] [37;1mByron flaps :[0m thats like waterboarding right
[17:17] [37;1mXiu flaps :[0m yeah, for your bum
[17:18] [37;1mBarian flaps :[0m hello 911, I need tp stat!
[17:18] [37;1mInix flaps :[0m Stocks in bidets skyrocket.
[17:18] [37;1mXiu flaps :[0m 911 operators be like "Dammit Beavis, stop calling here!"
[17:21] [44m[Clan] Xaryl :[0m finally! this bitch loaded
[17:21] [44m[Clan] Byron :[0m woo
[17:21] [32mAvrin tells you: [0mYou are already boosted.
[17:21] [32mAvrin tells you: [0mPleasure doing business with you.
[17:21] [44m[Clan] Byron :[0m learn her good!
[17:23] [44m[Clan] Zorbaine :[0m ah shit loaded tacos at 137
[17:23] [44m[Clan] Byron :[0m any chance you could snag me 10 of those priest sacks at some point X?
[17:24] [44m[Clan] Xaryl :[0m yes sir! I always forget
[17:24] [44m[Clan] Byron :[0m no worries
[17:25] [33m[Auction] Robert :[0m Up for bids: An ancient rice paper scroll.
[17:25] [34mFrom afar, you give Byron a brotherly kiss on the cheek.[0m
[17:25] [35;1mYou tell Byron:[0m oops ha
[17:25] [34mFrom afar, you pick off Byron's head with little pebbles.  Wooosh,
[17:26] [33m[Auction] Byron (bard) :[0m this still give *50 dodge?
[17:26] [33m[Auction] Barian (necr) :[0m +int
[17:26] [33m[Auction] Din (blad) :[0m thought it was 75?
[17:26] [33m[Auction] Byron (bard) :[0m youre a terrible salesman
[17:27] [33m[Auction] Din (blad) :[0m i'm ok with that
[17:27] [37;1mNightrider flaps :[0m Resetting ZOmbies !
[17:27] [44m[Clan] Xaryl :[0m Ftouching sacks now
[17:27] [44m[Clan] Zorbaine :[0m right there baby
[17:28] [37;1mXiu flaps :[0m how many times do you have to reload zombie dungeon before they make you an honorary Necro?
[17:28] [34mFrom afar, Sir Arruns Thelton smiles and waves at you as you rush past.[0m
[17:28] [37;1mNauda flaps :[0m all of them
[17:28] [33m[Auction] Robert :[0m Sold to Mugen for 33,000 coins!
[17:28] [37;1mBarian flaps :[0m this one time
[17:33] [44m[Clan] Byron :[0m 15% shield woo
[17:36] [44m[Clan] Nix :[0m you should trade me
[17:36] [44m[Clan] Nix :[0m payment for the quarintine weed your grabbing later
[17:36] [44m[Clan] Zorbaine :[0m sounds like he's threatening you
[17:36] [44m[Clan] Nix :[0m yeah otherwise i'm coughing all over that shit
[17:36] [44m[Clan] Nix :[0m i grabbed an ounce last week just in case they lock us down
[17:37] [44m[Clan] Nix :[0m which looks like will occur by the end of the weekend
[17:42] [44m[Clan] Zorbaine :[0m i stopped asking for weed around europe
[17:42] [44m[Clan] Zorbaine :[0m feel like a junky
[17:42] [44m[Clan] Zorbaine :[0m though still have a gram of hash, but i like spliffs, and wont smoke it unless i have flower to mix with
[17:45] [44m[Clan] Zorbaine :[0m and also probably not smart to smoke while traveling in this, as mj is known to decrease immunity, and considering its a respiratory disease, shrug
[17:47] [44m[Clan] Martyr :[0m dont think its an immuno compromise thing
[17:48] [44m[Clan] Martyr :[0m its a contact thing... since its totally novel
[17:48] [44m[Clan] Martyr :[0m but good immune system is good none the less
[17:48] [44m[Clan] Zorbaine :[0m sure, but in general it's respiratory and i would assume one should take care with their lungs, even if unrelated to the underlying systems, shrug
[17:48] [44m[Clan] Martyr :[0m nod
[17:48] [44m[Clan] Ser :[0m nix
[17:49] [44m[Clan] Ser :[0m i just hit 70 and act 4
[17:49] [44m[Clan] Ser :[0m been playing torment 1
[17:50] [44m[Clan] Ser :[0m you got a shard?
[17:55] [35;1mYou tell Ser:[0m wtf you talking about, torment?
[17:59] [44m[Clan] Nix :[0m assassin has shard
[17:59] [44m[Clan] Nix :[0m can you plevel my monk?
[17:59] [44m[Clan] Nix :[0m or witch doctor
[17:59] [34mFrom afar, you shrug at Ser.[0m
[18:00] [44m[Clan] Nix :[0m i havent been playing much been busy as hell with work but working from home from now on so i'll be on a lot more i guess
[18:04] [33m[Auction] Robert :[0m Up for bids: Shortsword of quickness (enchanted).
[18:04] [33m[Auction] Barian (necr) :[0m wooping stick
[18:04] [33m[Auction] Xiu (blad) :[0m i'll make this short; bid quick!
[18:04] [46m[PARTY][0m New leader for the party: zorbaine.
[18:06] [33m[Auction] Caboose (cybo) :[0m bid like you mean it already :P
[18:06] [44m[Clan] Archangel :[0m From whom may I dup the redaxe?
[18:06] [33m[Auction] Robert :[0m Sold to Caboose for 150,000 coins!
[18:08] [44m[Clan] Martyr :[0m nix has it
[18:09] [34mFrom afar, Crolack holds out a big cheesy taco in front of you.[0m
[18:10] [33m[Auction] Robert :[0m Up for bids: A prism sky blue ioun stone.
[18:10] [33m[Auction] Barian (necr) :[0m throw stone get +2 str
[18:10] [33m[Auction] Xiu (blad) :[0m let he who wants a str bonus cast the first ioun stone
[18:10] [44m[Clan] Nix :[0m i do ss
[18:10] [33m[Auction] Robert :[0m Sold to Mental for 558 coins!
[18:11] [44m[Clan] Archangel :[0m brt
[18:11] [34mFrom afar, you moan at Crolack.[0m
[18:14] [44m[Clan] Ser :[0m fuck
[18:17] [44m[Clan] Ser :[0m i haven't made it to uhh
[18:19] [44m[Clan] Ser :[0m cool, 15% shield
[18:21] [44m[Clan] Ser :[0m uhh
[18:21] [44m[Clan] Ser :[0m i wanted to finish campaign but is it even worth it
[18:21] [44m[Clan] Ser :[0m let me run a rift or two
[18:22] [44m[Clan] Ser :[0m and see if i can get some 70's gear
[18:25] [44m[Clan] Nix :[0m just need to get kanais cube
[18:25] [44m[Clan] Nix :[0m im going to jump on
[18:26] [44m[Clan] Xaryl :[0m anyone know if Gen scroll will work with reload item on Freezer?
[18:32] [44m[Clan] Xaryl :[0m argh!!! gen scroll DOES NOT work with reload item
[18:40] [33m[Auction] Robert :[0m Up for bids: Quesadilla Codpiece (massive).
[18:40] [33m[Auction] Nightrider (knig) :[0m massive!
[18:40] [33m[Auction] Zorbaine (knig) :[0m 😲
[18:42] [33m[Auction] Robert :[0m Sold to Agni for 27,500 coins!
[18:56] [44m[Clan] Zorbaine :[0m vienna pics if any interest https://imgur.com/a/jFeTafb
[18:56] [35;1mYou tell Byron:[0m vienna pics if interested https://imgur.com/a/jFeTafb
[19:02] [36mGargoyle <cgame>:[0m Zorbaine has joined the game.
[19:09] [44m[Clan] Xaryl :[0m wtf! my reload item messed 2x this boot
[19:09] [44m[Clan] Xaryl :[0m so have yet another fake freezer
[19:10] [44m[Clan] Ipsie :[0m wtf :(
[19:13] [34mFrom afar, Sir Arruns Thelton inclines his head respectfully as you hurry by.[0m
