[07:04] [35;1mYou LT (Adalius[Idle 502m])
[07:04] [0m   LT: sure come to rims
[07:04] [35;1mYou LT (Adalius[Idle 502m])
[07:04] [0m   LT: sorry mt
[07:04] [35;1mYou tell Zorbaine:[0m test
[07:04] [35;1mZorbaine tells you:[0m test
[07:30] [35;1mViolia tells you:[0m joust?
[09:13] [37;1mKitt flaps :[0m Puppy!!
[09:21] [35;1mYou tell Nix:[0m hows the virus affecting your work?
[09:22] [35;1mNix tells you:[0m courts are closed, but i'm still open
[09:22] [35;1mNix tells you:[0m i represent a few local towns in a few diffrent capacities so i kinda need to be here
[09:22] [35;1mNix tells you:[0m its chaos in the US tho
[09:25] [35;1mYou tell Nix:[0m ahh.. well good to keep busy and good money i guess ;p goodluck
[09:31] [35;1mNix tells you:[0m where you at europe?
[09:31] [35;1mYou tell Nix:[0m vienna atm
[09:31] [35;1mNix tells you:[0m what's it like over there
[09:31] [35;1mYou tell Nix:[0m got here last night, they closed all places starting today, leaving thursday
[09:32] [35;1mYou tell Nix:[0m weird seeing these highly lavish streets and architecture mostly empty
[09:35] [35;1mYou tell Nix:[0m also lame none of the tons of fancy stores and restaurants are open, oh well
[09:36] [35;1mYou tell Nix:[0m good for my wallet i guess
[09:38] [35;1mNix tells you:[0m yeah wierd time to be travelling
[09:39] [35;1mYou tell Nix:[0m or perfect time! ;p
[09:41] [35;1mYou tell Nix:[0m didn't know what else to do, my lease ended... moved home to moms for a month before deciding to travel instead of wasting away in philadelphia more, i dunno, hard time in my life
[09:41] [35;1mYou tell Nix:[0m i move home for a month and get to hear from my moms hick of a boyfriend how "real men dont move home to their moms", fucking asshole
[09:42] [35;1mYou tell Nix:[0m the guy has been living on my moms couch for 10+ years, basically freeloading off her, feel so bad for her but she lets it happen
[09:42] [35;1mYou tell Nix:[0m and acts like man of the house, i'm about to deck him
[09:59] [35;1mTauron tells you:[0m Please remove and unwield all guild artifacts
[10:03] [44m[Clan] Yik :[0m woOoOoo-oo-oo ima air jellyfish!
[10:05] [44m[Clan] Zorbaine :[0m you're a looney!
[10:05] [34mFrom afar, Yik jiggles his jelly at you.[0m
[10:05] [44m[Clan] Yik :[0m hehe
[10:05] [44m[Clan] Zorbaine :[0m was trying to quote Braveheart there
[10:06] [44m[Clan] Zorbaine :[0m was at an open mic in Budapest two days ago and one of the singers was from Scotland and they were making fun of Braveheart, I was so excited... my favorite movie...
[10:06] [44m[Clan] Yik :[0m o laff! i havent seen that one in soo long and ahh haha! it was a goodn
[10:08] [44m[Clan] Zorbaine :[0m i'm basically searching the globe for my woman who loves Braveheart as well
[10:09] [33;1m(Vindicator 192) Wiener:[0m Anyone game for a joust?
[10:09] [33;1m(Vindicator 188) Zorbaine:[0m Sher!
[10:09] [44m[Clan] Yik :[0m haha!
[10:09] [34mFrom afar, you salute Wiener.[0m
[10:10] [34mFrom afar, Wiener salutes you.[0m
[10:10] [34mFrom afar, Wiener salutes you.[0m
[10:10] [44m[Clan] Yik :[0m remins me o this
[10:10] [44m[Clan] Yik :[0m https://i.pinimg.com/236x/3c/ae/08/3cae082ef83696b9d10bc3e1b437688f--scottish-women-women-be-like.jpg
[10:10] [44m[Clan] Yik :[0m dang, shoulda made it a shorty
[10:10] [44m[Clan] Zorbaine :[0m hang on jousting
[10:10] [34mFrom afar, Wiener goes 'Woo Woo!' at you.[0m
[10:10] [34mFrom afar, you thank Wiener.[0m
[10:11] [34mFrom afar, Zin goes 'Woo Woo!' at you.[0m
[10:11] [35;1mYou tell Wiener:[0m Whereabout is your name derived from? I'm in Vienna at the moment and I keep seeing it everywhere ;p
[10:11] [34mFrom afar, you smile at Zin.[0m
[10:11] [34mFrom afar, Wiener grins mischievously at you.[0m
[10:11] [35;1mWiener tells you:[0m From the mathematician Norbert Wiener
[10:11] [34mFrom afar, you nod to Wiener.[0m
[10:13] [44m[Clan] Zorbaine :[0m haha...
[10:13] [44m[Clan] Zorbaine :[0m I forget how they were when I visited Edinburgh ~10 years ago
[10:13] [44m[Clan] Zorbaine :[0m was only there 12 hours
[10:13] [44m[Clan] Yik :[0m XD
[11:12] [36mGargoyle <cgame>:[0m The game has been aborted by Crolack!
[11:12] [36mGargoyle <cgame>:[0m Yik has joined the game.
[11:12] [36mGargoyle <cgame>:[0m Crolack has joined the game.
[11:15] [36mGargoyle <cgame>:[0m Zorbaine has joined the game.
[11:22] [36mGargoyle <cgame>:[0m Aa has joined the game.
[11:22] [36mAa <cgame>:[0m Omigosh we're all gonna die!
[11:24] [36mYik <cgame>:[0m burn the sick!
[11:25] [36mAa <cgame>:[0m stabbity everyone!!
[11:26] [36mYik <cgame>:[0m idk, blood might spread it
[11:31] [36mGargoyle <cgame>:[0m Tuba has joined the game.
[11:35] [33;1m(Knight 50) Asher:[0m Joust, anyone?
[11:38] [33;1m(Knight 50) Asher:[0m DOH!
[11:39] [33;1m(Vindicator 192) Wiener:[0m That was pretty impressive, forgot how nasty those are
[11:42] [36mCrolack <cgame>:[0m Omigosh we're all gonna idle!
[11:42] [36mGargoyle <cgame>:[0m Voodoo has joined the game.
[12:12] [36mGargoyle <cgame>:[0m Squirrel has joined the game.
[12:12] [36mGargoyle <cgame>:[0m The game begins!
[12:12] [32mGargoyle whispers: [0mYou are an innocent.
[12:12] [36mGargoyle <cgame>:[0m An evil cult is hidden amongst the villagers of Black River.  The village is sleeping peacefully one night as the cult emerges....  It is now night time.  Role players, please
[12:12]                   enter your actions.
[12:13] [36mCrolack <cgame>:[0m Omigosh we're all gonna idle!
[12:14] [36mGargoyle <cgame>:[0m Time's up!  The sun is rising.
[12:14] [36mGargoyle <cgame>:[0m Squirrel, the vigilante, has been murdered by the cult!
[12:14] [36mGargoyle <cgame>:[0m It is now daytime.  It is time to convict someone.
[12:15] [36mGargoyle <cgame>:[0m One more minute left to finish voting.  The villager with the most votes against in a minute will be convicted.  Ties will be broken randomly.
[12:16] [36mGargoyle <cgame>:[0m Time's up!  The sun is setting.
[12:16] [36mGargoyle <cgame>:[0m Aa, you have been convicted of participation in a murderous evil cult.  May the gods have mercy on your soul.
[12:16] [36mGargoyle <cgame>:[0m The village descends upon Aa with clubs.  As the cudgels pound up and down on his body, he is revealed to be a cultist!
[12:16] [36mGargoyle <cgame>:[0m All the cultists are dead.  The village wins!
[12:16] [36mGargoyle <cgame>:[0m Zorbaine has joined the game.
[12:16] [36mGargoyle <cgame>:[0m Tuba has joined the game.
[12:16] [36mGargoyle <cgame>:[0m Crolack has joined the game.
[12:16] [36mGargoyle <cgame>:[0m Voodoo has joined the game.
[12:16] [36mAa <cgame>:[0m oh gosh
[12:16] [36mAa <cgame>:[0m i mean gurgle
[12:17] [36mGargoyle <cgame>:[0m Aa has joined the game.
[12:17] [36mAa <cgame>:[0m Omigosh we're all gonna die!
[12:17] [36mSquirrel <cgame>:[0m Aa is cult
[12:17] [36mGargoyle <cgame>:[0m Squirrel has joined the game.
[12:17] [36mGargoyle <cgame>:[0m Aa is cult
[13:27] [44m[Clan] Zorbaine :[0m woooooo fuck the police, everywhere
[13:28] [44m[Clan] Aka :[0m amen
[13:28] [44m[Clan] Yik :[0m move along citizens
[13:28] [44m[Clan] Zorbaine :[0m just wrote me a ticket for 40 euros
[13:28] [44m[Clan] Yik :[0m no coughing in public!
[13:28] [44m[Clan] Yik :[0m haha but really, whatd they give you one on?
[13:29] [44m[Clan] Zorbaine :[0m some clerk in supermarket tried to fight me after he was bitching that i left my groceries (like 3 things) on a stoop without a basket... and i only did because as i was walking
[13:29]                   to register, the kid left the register (only one) and started wandering around the store... out of respect i put stuff down to pause and also wnader a bit til he returned. he
[13:29]                   went over to my stuff and started bitching at it to other employees in german... i went to register trying to tell him why i did that, he threw receipt at me, etc... i then kinda
[13:29]                   told him he should have stayed at register and he came at my trying to fight me...
[13:30] [44m[Clan] Zorbaine :[0m so i called police just so they could come into store so i could get his name without another fight happening
[13:30] [44m[Clan] Zorbaine :[0m and police called me a pussy. i called him a piece of shit... wrote me a ticket
[13:30] [44m[Clan] Zorbaine :[0m fuck the police
[13:30] [44m[Clan] Zorbaine :[0m will write formal complain to city, shrug
[13:30] [44m[Clan] Yik :[0m holy cow
[13:31] [44m[Clan] Yik :[0m police defly suck, glad they didnt shoot you on accident!
[13:31] [44m[Clan] Zorbaine :[0m yeah they were about to arrest me
[13:31] [44m[Clan] Zorbaine :[0m ridiculous
[13:31] [44m[Clan] Zorbaine :[0m i was about to stab him honestly
[13:31] [44m[Clan] Zorbaine :[0m cross my fucking lines one more time someone's gonna get it
[13:31] [44m[Clan] Yik :[0m yes! i mean no
[13:31] [34mFrom afar, Yik giggles at you.[0m
[13:32] [33;1m(Knight 50) Asher:[0m Joust, anyone?
[13:33] [44m[Clan] Zorbaine :[0m petty yeah but... what did the cop expect? me go back in to escalate the fight, was trying to handle it formally... this fucking world and it's perversions
[13:34] [44m[Clan] Yik :[0m they dont get special incentives for keeping the peace, yet they get more if you do fight
[13:34] [44m[Clan] Yik :[0m #suckcess!
[13:34] [44m[Clan] Zorbaine :[0m yep
[13:34] [44m[Clan] Zorbaine :[0m taking advantage of the victim, classic police
[13:35] [44m[Clan] Yik :[0m defly typically attracts 2 kinds of ppl
[13:35] [44m[Clan] Zorbaine :[0m of course i feel lame about it, but what else should i have done?
[13:35] [44m[Clan] Yik :[0m just left
[13:35] [44m[Clan] Yik :[0m i know it sucks, but idk, nothins really worth it
[13:35] [44m[Clan] Aka :[0m the police are, indeed, a joke
[13:35] [44m[Clan] Zorbaine :[0m nod, only people who get ahead are the cheaters, including my moms boyfriend
[13:36] [44m[Clan] Yik :[0m wellll, anything govs do...
[13:36] [44m[Clan] Yik :[0m laff
[13:39] [44m[Clan] Yik :[0m https://www.youtube.com/watch?v=wd4YgudTcnM
[13:40] [44m[Clan] Zorbaine :[0m sigh
[14:43] Kenny <Craft>: weird. i am bsmith 23. i crafted a 22-26 item and got no cxp
[14:44] [33;1m(Page 29) Violia:[0m anyone to joust?
[14:44] [33;1m(Squire 39) Zin:[0m ok
[14:44] [33;1m(Cavalier 74) Gorgar:[0m sure
[14:44] Kenny <Craft>: oh nm. i was reading the wrong part of the screen. ignore me
[14:44] [33;1m(Squire 39) Zin:[0m you go
[14:44] [33;1m(Cavalier 74) Gorgar:[0m go for it Zin im basically idling
[14:44] [44m[Clan] Archangel :[0m Event portal: wgate/sw/4w electrifying
[14:44] [37;1mArchangel flaps :[0m Event portal: wgate/sw/4w electrifying
[14:44] [33;1m(Squire 39) Zin:[0m same, and kinda distracted by phone, so you go ahead
[14:45] [33;1m(Cavalier 74) Gorgar:[0m ok
[14:45] [33;1m(Page 29) Violia:[0m brt
[14:46] [33;1m(Page 29) Violia:[0m wow, fast.  congrats
[14:55] [33;1m(Champion 227) Kirwan:[0m if you haven't already, you'll probably need to recover to use any new abilities
[14:55] [33;1m(Champion 227) Kirwan:[0m well, maybe.  I dunno.  It's been a while since I advanced a class.
[14:56] [33;1m(Squire 30) Violia:[0m I did.  thanks for the advice
[14:59] [37;1mKenny flaps :[0m or desert portal/2n/3e
[15:01] [36mGargoyle <cgame>:[0m Voodoo has been booted from the game by Crolack.
[15:03] [36mYik <cgame>:[0m nice try
[15:08] [36mGargoyle <cgame>:[0m Zorbaine has joined the game.
[15:12] [33;1m(Vindicator 192) Wiener:[0m Well done!
[15:12] [33;1m(Squire 30) Violia:[0m thank you
[15:12] [33;1m(Vindicator 178) Damian:[0m woo hoo!!!
[15:14] [34mFrom afar, you go 'Woo Woo!' at Violia.[0m
[15:25] [37;1mZorbaine flaps :[0m https://imgur.com/gallery/DRzDIj3
[15:44] [37;1mCrolack flaps :[0m wasn't that a Southpark episode?
[15:44] [37;1mZorbaine flaps :[0m Dunno, friend sent it, thought I'd share
[17:22] [36mGargoyle <cgame>:[0m Tuba has joined the game.
[17:23] [33;1m(Squire 40) Malarkey:[0m sup sup
[17:31] [44m[Clan] Yik :[0m welll thats not ideal
[17:31] [44m[Clan] Xaryl :[0m ?
[17:31] [44m[Clan] Yik :[0m haha just didnt realize that form couldnt handle it
[17:32] [44m[Clan] Xaryl :[0m heh
[17:51] [36mZorbaine <cgame>:[0m leave your shoes at the door, and the blood on the floor. join for more gore
[18:07] [33;1m(Squire 40) Malarkey:[0m well met!
[18:07] [34mFrom afar, you wave in Yik's direction.[0m
[18:08] [36mGargoyle <cgame>:[0m Zorbaine has left the game.
